autonomy/utils/dashboard_push.py:1: error: Function is missing a type annotation  [no-untyped-def]
autonomy/ai_tools/audit_compliance.py:1: error: Function is missing a type annotation  [no-untyped-def]
autonomy/ai_tools/vault_formatter.py:4: error: Function is missing a type annotation  [no-untyped-def]
autonomy/ai_tools/vault_formatter.py:24: error: Function is missing a type annotation  [no-untyped-def]
autonomy/analytics/safe_ai_ceo_dashboard.py:7: error: Function is missing a type annotation  [no-untyped-def]
autonomy/analytics/safe_ai_maintenance_health_dashboard.py:7: error: Function is missing a type annotation  [no-untyped-def]
empress_avatar.py:14: error: Function is missing a type annotation  [no-untyped-def]
empress_avatar.py:45: error: Function is missing a type annotation  [no-untyped-def]
empress_avatar.py:61: error: Call to untyped function "EmpressAvatar" in typed context  [no-untyped-call]
empress_avatar.py:75: error: Function is missing a type annotation  [no-untyped-def]
empress_avatar.py:78: error: Function is missing a type annotation  [no-untyped-def]
empress_avatar.py:81: error: Function is missing a return type annotation  [no-untyped-def]
empress_avatar.py:84: error: Function is missing a type annotation  [no-untyped-def]
empress_avatar.py:88: error: Function is missing a type annotation  [no-untyped-def]
empress_avatar.py:102: error: Function is missing a type annotation  [no-untyped-def]
empress_avatar.py:106: error: Function is missing a type annotation  [no-untyped-def]
empress_avatar.py:110: error: Function is missing a type annotation  [no-untyped-def]
empress_avatar.py:126: error: Function is missing a type annotation  [no-untyped-def]
empress_avatar.py:145: error: Function is missing a return type annotation  [no-untyped-def]
empress_avatar.py:158: error: Function is missing a type annotation  [no-untyped-def]
empress_avatar.py:161: error: Function is missing a type annotation  [no-untyped-def]
empress_avatar.py:171: error: Function is missing a return type annotation  [no-untyped-def]
emma_identity_lock.py:12: error: Function is missing a return type annotation  [no-untyped-def]
windsurf/windsurf_sentinel.py:9: error: Function is missing a return type annotation  [no-untyped-def]
windsurf/windsurf_sentinel.py:9: note: Use "-> None" if function does not return a value
windsurf/windsurf_sentinel.py:16: error: Call to untyped function "check_access" in typed context  [no-untyped-call]
security/reload_handler.py:1: error: Function is missing a return type annotation  [no-untyped-def]
security/reload_handler.py:1: note: Use "-> None" if function does not return a value
revenue/weaponization_engine.py:6: error: Need type annotation for "_vaults" (hint: "_vaults: List[<type>] = ...")  [var-annotated]
revenue/weaponization_engine.py:7: error: Need type annotation for "_referrals" (hint: "_referrals: List[<type>] = ...")  [var-annotated]
revenue/weaponization_engine.py:8: error: Need type annotation for "_funnels" (hint: "_funnels: Dict[<type>, <type>] = ...")  [var-annotated]
revenue/weaponization_engine.py:9: error: Need type annotation for "_scarcity" (hint: "_scarcity: Dict[<type>, <type>] = ...")  [var-annotated]
revenue/weaponization_engine.py:10: error: Need type annotation for "_autopilot" (hint: "_autopilot: List[<type>] = ...")  [var-annotated]
revenue/weaponization_engine.py:11: error: Need type annotation for "_compounding" (hint: "_compounding: List[<type>] = ...")  [var-annotated]
revenue/weaponization_engine.py:14: error: Function is missing a type annotation  [no-untyped-def]
revenue/weaponization_engine.py:21: error: Function is missing a type annotation  [no-untyped-def]
revenue/weaponization_engine.py:28: error: Function is missing a type annotation  [no-untyped-def]
revenue/weaponization_engine.py:32: error: Function is missing a type annotation  [no-untyped-def]
revenue/weaponization_engine.py:38: error: Function is missing a type annotation  [no-untyped-def]
revenue/weaponization_engine.py:44: error: Function is missing a type annotation  [no-untyped-def]
revenue/weaponization_engine.py:50: error: Function is missing a type annotation  [no-untyped-def]
revenue/weaponization_engine.py:56: error: Function is missing a type annotation  [no-untyped-def]
revenue/weaponization_engine.py:60: error: Function is missing a type annotation  [no-untyped-def]
revenue/weaponization_engine.py:64: error: Function is missing a return type annotation  [no-untyped-def]
revenue/weaponization_engine.py:68: error: Function is missing a return type annotation  [no-untyped-def]
omnisecure_stack/anti_sentience_domestication.py:28: error: Missing type parameters for generic type "list"  [type-arg]
licensing/licensee_manager.py:6: error: Need type annotation for "_licensees" (hint: "_licensees: List[<type>] = ...")  [var-annotated]
licensing/licensee_manager.py:9: error: Function is missing a type annotation  [no-untyped-def]
licensing/licensee_manager.py:22: error: Function is missing a type annotation  [no-untyped-def]
licensing/licensee_manager.py:28: error: Function is missing a type annotation  [no-untyped-def]
licensing/licensee_manager.py:34: error: Function is missing a return type annotation  [no-untyped-def]
intelligence/vault_combat_ai.py:6: error: Need type annotation for "_vaults" (hint: "_vaults: List[<type>] = ...")  [var-annotated]
intelligence/vault_combat_ai.py:9: error: Function is missing a type annotation  [no-untyped-def]
intelligence/vault_combat_ai.py:15: error: Call to untyped function "assign_threat_level" in typed context  [no-untyped-call]
intelligence/vault_combat_ai.py:15: error: Call to untyped function "assign_threat_level" of "VaultCombatAI" in typed context  [no-untyped-call]
intelligence/vault_combat_ai.py:20: error: Function is missing a type annotation  [no-untyped-def]
intelligence/vault_combat_ai.py:31: error: Function is missing a return type annotation  [no-untyped-def]
intelligence/empire_vault_strategist.py:6: error: Need type annotation for "_weekly_reports" (hint: "_weekly_reports: List[<type>] = ...")  [var-annotated]
intelligence/empire_vault_strategist.py:9: error: Function is missing a type annotation  [no-untyped-def]
intelligence/empire_vault_strategist.py:21: error: Function is missing a return type annotation  [no-untyped-def]
backend/utils/codebase_scanner.py:7: error: Function is missing a return type annotation  [no-untyped-def]
backend/utils/codebase_scanner.py:7: note: Use "-> None" if function does not return a value
backend/utils/codebase_scanner.py:37: error: "CodebaseScanner" has no attribute "logger"  [attr-defined]
backend/utils/codebase_scanner.py:41: error: Need type annotation for "results"  [var-annotated]
backend/utils/codebase_scanner.py:74: error: "CodebaseScanner" has no attribute "logger"  [attr-defined]
backend/utils/codebase_scanner.py:79: error: "CodebaseScanner" has no attribute "logger"  [attr-defined]
backend/utils/codebase_scanner.py:92: error: "CodebaseScanner" has no attribute "logger"  [attr-defined]
backend/utils/codebase_scanner.py:97: error: "CodebaseScanner" has no attribute "logger"  [attr-defined]
backend/utils/codebase_scanner.py:125: error: "CodebaseScanner" has no attribute "logger"  [attr-defined]
backend/utils/codebase_scanner.py:131: error: Call to untyped function "CodebaseScanner" in typed context  [no-untyped-call]
autonomy/utils/vault_log.py:1: error: Function is missing a type annotation  [no-untyped-def]
autonomy/utils/vault_log.py:5: error: Function is missing a type annotation  [no-untyped-def]
autonomy/utils/audit.py:1: error: Function is missing a type annotation  [no-untyped-def]
autonomy/utils/anomaly.py:1: error: Function is missing a type annotation  [no-untyped-def]
autonomy/utils/alerts.py:1: error: Function is missing a type annotation  [no-untyped-def]
autonomy/utils/alerts.py:5: error: Function is missing a type annotation  [no-untyped-def]
autonomy/utils/alerts.py:9: error: Function is missing a type annotation  [no-untyped-def]
autonomy/tenant/webhook_registry.py:22: error: Function is missing a return type annotation  [no-untyped-def]
autonomy/tenant/webhook_registry.py:24: error: Incompatible types in assignment (expression has type "str", target has type "None")  [assignment]
autonomy/tenant/webhook_registry.py:26: error: Dict entry 0 has incompatible type "str": "str"; expected "str": "None"  [dict-item]
autonomy/tenant/module_registry.py:18: error: Function is missing a type annotation for one or more arguments  [no-untyped-def]
autonomy/tenant/module_registry.py:20: error: Returning Any from function declared to return "list[str]"  [no-any-return]
autonomy/storefront/vault_naming_consistency_checker.py:8: error: Function is missing a type annotation  [no-untyped-def]
autonomy/storefront/tone_alignment_analyzer.py:8: error: Function is missing a type annotation  [no-untyped-def]
autonomy/storefront/sales_copy_tone_tuner.py:8: error: Function is missing a type annotation  [no-untyped-def]
autonomy/storefront/prelaunch_vault_risk_audit.py:8: error: Function is missing a type annotation  [no-untyped-def]
autonomy/storefront/cta_clarity_checker.py:8: error: Function is missing a type annotation  [no-untyped-def]
autonomy/storefront/cross_vault_bundle_balance_checker.py:8: error: Function is missing a type annotation  [no-untyped-def]
autonomy/storefront/bundle_cannibalization_checker.py:8: error: Function is missing a type annotation  [no-untyped-def]
autonomy/storefront/analytics.py:9: error: Function is missing a type annotation  [no-untyped-def]
autonomy/storefront/admin_badge_engine.py:8: error: Function is missing a type annotation  [no-untyped-def]
autonomy/security/high_risk_buyer_flagger.py:8: error: Function is missing a type annotation  [no-untyped-def]
autonomy/security/geo_compliance_mismatch_detector.py:8: error: Function is missing a type annotation  [no-untyped-def]
autonomy/partner_certification/partner_self_certification_submission.py:7: error: Function is missing a type annotation  [no-untyped-def]
autonomy/partner_certification/partner_certification_tracker.py:7: error: Function is missing a type annotation  [no-untyped-def]
autonomy/notification/notification_manager.py:7: error: Function is missing a type annotation  [no-untyped-def]
autonomy/notification/notification_manager.py:12: error: Function is missing a type annotation  [no-untyped-def]
autonomy/notification/notification_manager.py:17: error: Function is missing a type annotation  [no-untyped-def]
autonomy/notification/notification_manager.py:22: error: Function is missing a type annotation  [no-untyped-def]
autonomy/notification/notification_manager.py:26: error: Function is missing a type annotation  [no-untyped-def]
autonomy/legal/policy_translator.py:23: error: Returning Any from function declared to return "str"  [no-any-return]
autonomy/integrations/xbrl_connector.py:6: error: Function is missing a return type annotation  [no-untyped-def]
autonomy/integrations/stripe_connector.py:6: error: Function is missing a return type annotation  [no-untyped-def]
autonomy/integrations/slack_connector.py:6: error: Function is missing a return type annotation  [no-untyped-def]
autonomy/integrations/notion_connector.py:6: error: Function is missing a return type annotation  [no-untyped-def]
autonomy/compliance/regional_regulatory_drift_detector.py:8: error: Function is missing a type annotation  [no-untyped-def]
autonomy/compliance/privacy_request_queue_ui.py:8: error: Function is missing a return type annotation  [no-untyped-def]
autonomy/compliance/lockout_test.py:6: error: Function is missing a return type annotation  [no-untyped-def]
autonomy/compliance/compliance_regression_checker.py:8: error: Function is missing a type annotation  [no-untyped-def]
autonomy/compliance/charter_lock.py:18: error: Function is missing a return type annotation  [no-untyped-def]
autonomy/compliance/charter_lock.py:18: note: Use "-> None" if function does not return a value
autonomy/analytics/year_end_safe_ai_business_audit_generator.py:7: error: Function is missing a type annotation  [no-untyped-def]
autonomy/analytics/vault_performance_decay_predictor.py:9: error: Function is missing a type annotation  [no-untyped-def]
autonomy/analytics/vault_lifespan_curve.py:9: error: Function is missing a type annotation  [no-untyped-def]
autonomy/analytics/vault_launch_cohort_tracker.py:8: error: Function is missing a type annotation  [no-untyped-def]
autonomy/analytics/vault_engagement_clustering.py:9: error: Function is missing a type annotation  [no-untyped-def]
autonomy/analytics/vault_bundle_planner.py:7: error: Function is missing a type annotation  [no-untyped-def]
autonomy/analytics/system_load_report.py:7: error: Function is missing a type annotation  [no-untyped-def]
autonomy/analytics/static_what_worked_best_summary.py:8: error: Function is missing a type annotation  [no-untyped-def]
autonomy/analytics/static_vault_seasonality_tracker.py:7: error: Function is missing a type annotation  [no-untyped-def]
autonomy/analytics/static_vault_licensing_map.py:7: error: Function is missing a type annotation  [no-untyped-def]
autonomy/analytics/static_vault_cross_market_fit_report.py:7: error: Function is missing a type annotation  [no-untyped-def]
autonomy/analytics/static_segment_reporting.py:7: error: Function is missing a type annotation  [no-untyped-def]
autonomy/analytics/static_sales_forecasting.py:8: error: Function is missing a type annotation  [no-untyped-def]
autonomy/analytics/static_revenue_projection_by_niche.py:7: error: Function is missing a type annotation  [no-untyped-def]
autonomy/analytics/static_revenue_forecast.py:7: error: Function is missing a type annotation  [no-untyped-def]
autonomy/analytics/static_refund_dispute_monitor.py:7: error: Function is missing a type annotation  [no-untyped-def]
autonomy/analytics/static_partner_revenue_contribution.py:7: error: Function is missing a type annotation  [no-untyped-def]
autonomy/analytics/static_multi_vault_comparison.py:8: error: Function is missing a type annotation  [no-untyped-def]
autonomy/analytics/static_market_gap_report.py:7: error: Function is missing a type annotation  [no-untyped-def]
autonomy/analytics/static_global_business_map.py:7: error: Function is missing a type annotation  [no-untyped-def]
autonomy/analytics/static_gap_analysis_reporter.py:7: error: Function is missing a type annotation  [no-untyped-def]
autonomy/analytics/static_funnel_reports.py:7: error: Function is missing a type annotation  [no-untyped-def]
autonomy/analytics/static_feature_usage_report.py:7: error: Function is missing a type annotation  [no-untyped-def]
autonomy/analytics/static_cross_platform_revenue_tracker.py:7: error: Function is missing a type annotation  [no-untyped-def]
autonomy/analytics/static_competitor_comparison.py:7: error: Function is missing a type annotation  [no-untyped-def]
autonomy/analytics/static_buyer_journey_funnel.py:8: error: Function is missing a type annotation  [no-untyped-def]
autonomy/analytics/static_affiliate_revenue_tracker.py:7: error: Function is missing a type annotation  [no-untyped-def]
autonomy/analytics/segment_trend_detector.py:8: error: Function is missing a type annotation  [no-untyped-def]
autonomy/analytics/safe_segment_comparison.py:7: error: Function is missing a type annotation  [no-untyped-def]
autonomy/analytics/safe_ai_system_uptime_tracker.py:7: error: Function is missing a type annotation  [no-untyped-def]
autonomy/analytics/safe_ai_roadmap_summary_export.py:7: error: Function is missing a type annotation  [no-untyped-def]
autonomy/analytics/safe_ai_passive_partnership_monitor.py:7: error: Function is missing a type annotation  [no-untyped-def]
autonomy/analytics/safe_ai_partner_reputation_score.py:7: error: Function is missing a type annotation  [no-untyped-def]
autonomy/analytics/safe_ai_new_market_entry_checklist.py:7: error: Function is missing a return type annotation  [no-untyped-def]
autonomy/analytics/safe_ai_multi_year_compliance_tracker.py:7: error: Function is missing a type annotation  [no-untyped-def]
autonomy/analytics/safe_ai_multi_year_business_planning_summary.py:7: error: Function is missing a type annotation  [no-untyped-def]
autonomy/analytics/safe_ai_long_term_compliance_roadmap_generator.py:7: error: Function is missing a type annotation  [no-untyped-def]
autonomy/analytics/safe_ai_innovation_radar_report.py:7: error: Function is missing a type annotation  [no-untyped-def]
autonomy/analytics/safe_ai_historical_audit_summary.py:7: error: Function is missing a type annotation  [no-untyped-def]
autonomy/analytics/safe_ai_governance_board_report_generator.py:7: error: Function is missing a type annotation  [no-untyped-def]
autonomy/analytics/safe_ai_external_api_safety_monitor.py:7: error: Function is missing a type annotation  [no-untyped-def]
autonomy/analytics/safe_ai_esg_score_report.py:7: error: Function is missing a type annotation  [no-untyped-def]
autonomy/analytics/safe_ai_business_scalability_index.py:7: error: Function is missing a type annotation  [no-untyped-def]
autonomy/analytics/risk_refund_monitor.py:7: error: Function is missing a type annotation  [no-untyped-def]
autonomy/analytics/risk_refund_monitor.py:9: error: Need type annotation for "refund_counts" (hint: "refund_counts: Dict[<type>, <type>] = ...")  [var-annotated]
autonomy/analytics/refund_threshold_alert.py:7: error: Function is missing a type annotation  [no-untyped-def]
autonomy/analytics/refund_impact_analyzer.py:8: error: Function is missing a type annotation  [no-untyped-def]
autonomy/analytics/quarterly_compliance_review.py:7: error: Function is missing a type annotation  [no-untyped-def]
autonomy/analytics/platform_reputation_report.py:7: error: Function is missing a type annotation  [no-untyped-def]
autonomy/analytics/platform_health_red_flags.py:7: error: Function is missing a type annotation  [no-untyped-def]
autonomy/analytics/platform_ecosystem_stability_report.py:7: error: Function is missing a type annotation  [no-untyped-def]
autonomy/analytics/partner_storefront_opportunity_map.py:7: error: Function is missing a type annotation  [no-untyped-def]
autonomy/analytics/partner_legal_term_tracker.py:7: error: Function is missing a type annotation  [no-untyped-def]
autonomy/analytics/partner_ecosystem_health_check.py:7: error: Function is missing a type annotation  [no-untyped-def]
autonomy/analytics/partner_api_readiness_checklist.py:7: error: Function is missing a return type annotation  [no-untyped-def]
autonomy/analytics/partner_api_legal_health_map.py:7: error: Function is missing a type annotation  [no-untyped-def]
autonomy/analytics/nl_query_parser.py:8: error: Function is missing a type annotation  [no-untyped-def]
autonomy/analytics/niche_saturation_heatmap.py:9: error: Function is missing a type annotation  [no-untyped-def]
autonomy/analytics/multi_tenant_support_prep.py:8: error: Function is missing a type annotation  [no-untyped-def]
autonomy/analytics/multi_region_compliance_status_tracker.py:7: error: Function is missing a type annotation  [no-untyped-def]
autonomy/analytics/multi_partner_safe_ai_sync_summary.py:7: error: Function is missing a type annotation  [no-untyped-def]
autonomy/analytics/multi_currency_safe_ai_revenue_tracking.py:7: error: Function is missing a type annotation  [no-untyped-def]
autonomy/analytics/multi_currency_safe_ai_revenue_tracking.py:9: error: Need type annotation for "agg" (hint: "agg: Dict[<type>, <type>] = ...")  [var-annotated]
autonomy/analytics/multi_channel_safe_ai_revenue_breakdown.py:7: error: Function is missing a type annotation  [no-untyped-def]
autonomy/analytics/monthly_business_health_summary.py:7: error: Function is missing a type annotation  [no-untyped-def]
autonomy/analytics/long_term_safe_ai_system_resilience_audit.py:7: error: Function is missing a type annotation  [no-untyped-def]
autonomy/analytics/long_term_content_consistency_scanner.py:7: error: Function is missing a type annotation  [no-untyped-def]
autonomy/analytics/lifetime_vault_revenue.py:7: error: Function is missing a type annotation  [no-untyped-def]
autonomy/analytics/legal_compliance_heatmap.py:7: error: Function is missing a type annotation  [no-untyped-def]
autonomy/analytics/historical_pipeline_latency_tracker.py:9: error: Function is missing a type annotation  [no-untyped-def]
autonomy/analytics/high_value_vault_detector.py:7: error: Function is missing a type annotation  [no-untyped-def]
autonomy/analytics/global_vault_ecosystem_maturity_scorecard.py:7: error: Function is missing a type annotation  [no-untyped-def]
autonomy/analytics/global_safe_ai_business_impact_map.py:7: error: Function is missing a type annotation  [no-untyped-def]
autonomy/analytics/geographic_revenue_map.py:7: error: Function is missing a type annotation  [no-untyped-def]
autonomy/analytics/geographic_revenue_map.py:9: error: Need type annotation for "geo" (hint: "geo: Dict[<type>, <type>] = ...")  [var-annotated]
autonomy/analytics/external_platform_legal_compatibility_scan.py:7: error: Function is missing a type annotation  [no-untyped-def]
autonomy/analytics/external_data_firewall_verification.py:7: error: Function is missing a type annotation  [no-untyped-def]
autonomy/analytics/external_auditor_safe_ai_certification_export.py:7: error: Function is missing a type annotation  [no-untyped-def]
autonomy/analytics/executive_summary_generator.py:7: error: Function is missing a type annotation  [no-untyped-def]
autonomy/analytics/cross_vault_legal_consistency_checker.py:7: error: Function is missing a type annotation  [no-untyped-def]
autonomy/analytics/cross_vault_ip_overlap_map.py:7: error: Function is missing a type annotation  [no-untyped-def]
autonomy/analytics/cross_vault_engagement_correlation.py:8: error: Function is missing a type annotation  [no-untyped-def]
autonomy/analytics/cross_system_compliance_log_aggregator.py:7: error: Function is missing a type annotation  [no-untyped-def]
autonomy/analytics/cross_system_compliance_log_aggregator.py:9: error: Need type annotation for "agg" (hint: "agg: Dict[<type>, <type>] = ...")  [var-annotated]
autonomy/analytics/cross_platform_revenue_visualization.py:9: error: Function is missing a type annotation  [no-untyped-def]
autonomy/analytics/cross_partner_safe_ai_alignment_report.py:7: error: Function is missing a type annotation  [no-untyped-def]
autonomy/analytics/cross_niche_revenue_overlap_report.py:7: error: Function is missing a type annotation  [no-untyped-def]
autonomy/analytics/content_licensing_status_tracker.py:7: error: Function is missing a type annotation  [no-untyped-def]
autonomy/analytics/competitive_vault_overlap_report.py:7: error: Function is missing a type annotation  [no-untyped-def]
autonomy/analytics/buyer_migration_tracker.py:9: error: Function is missing a type annotation  [no-untyped-def]
autonomy/analytics/buyer_lifetime_earnings_map.py:8: error: Function is missing a type annotation  [no-untyped-def]
autonomy/analytics/annual_vault_market_fit_index.py:7: error: Function is missing a type annotation  [no-untyped-def]
autonomy/analytics/annual_safe_ai_executive_summary_report.py:7: error: Function is missing a type annotation  [no-untyped-def]
autonomy/analytics/annual_safe_ai_business_health_scorecard.py:7: error: Function is missing a type annotation  [no-untyped-def]
autonomy/analytics/annual_revenue_trend_report.py:7: error: Function is missing a type annotation  [no-untyped-def]
autonomy/analytics/annual_compliance_checklist_generator.py:7: error: Function is missing a type annotation  [no-untyped-def]
autonomy/analytics/ai_safe_tax_region_reporting.py:7: error: Function is missing a type annotation  [no-untyped-def]
autonomy/analytics/ai_safe_open_banking_revenue_reports.py:7: error: Function is missing a type annotation  [no-untyped-def]
autonomy/analytics/ai_safe_open_banking_revenue_reports.py:9: error: Need type annotation for "agg" (hint: "agg: Dict[<type>, <type>] = ...")  [var-annotated]
autonomy/analytics/ai_drift_detector.py:7: error: Function is missing a type annotation  [no-untyped-def]
autonomy/analytics/ai_audit_trail_viewer.py:8: error: Function is missing a type annotation  [no-untyped-def]
autonomy/analytics/admin_trend_comparison_ui.py:8: error: Function is missing a type annotation  [no-untyped-def]
autonomy/analytics/admin_safe_ai_readiness_certification_generator.py:7: error: Function is missing a type annotation  [no-untyped-def]
autonomy/analytics/admin_event_dependency_visualizer.py:9: error: Function is missing a type annotation  [no-untyped-def]
autonomy/admin_tools/manual_triggers.py:8: error: Function is missing a return type annotation  [no-untyped-def]
autonomy/admin_tools/manual_triggers.py:13: error: Function is missing a return type annotation  [no-untyped-def]
autonomy/admin_tools/manual_triggers.py:18: error: Function is missing a return type annotation  [no-untyped-def]
autonomy/admin_tools/log_viewer.py:8: error: Function is missing a type annotation  [no-untyped-def]
autonomy/admin_tools/audit_inspector.py:8: error: Function is missing a type annotation  [no-untyped-def]
analytics/reviewer_performance_heatmap.py:13: error: Function is missing a type annotation  [no-untyped-def]
analytics/reviewer_performance_heatmap.py:15: error: Name "parse_threat_feed" is not defined  [name-defined]
analytics/reviewer_performance_heatmap.py:17: error: Name "anchor_license_hash" is not defined  [name-defined]
analytics/reviewer_performance_heatmap.py:19: error: Name "zero_knowledge_export" is not defined  [name-defined]
analytics/reviewer_performance_heatmap.py:21: error: Name "schedule_backup" is not defined  [name-defined]
analytics/reviewer_performance_heatmap.py:23: error: Name "export_compliance_manifest" is not defined  [name-defined]
analytics/reviewer_performance_heatmap.py:27: error: Name "detect_signals" is not defined  [name-defined]
analytics/churn_retention_analytics.py:13: error: Function is missing a type annotation  [no-untyped-def]
analytics/churn_retention_analytics.py:15: error: Name "parse_threat_feed" is not defined  [name-defined]
analytics/churn_retention_analytics.py:17: error: Name "anchor_license_hash" is not defined  [name-defined]
analytics/churn_retention_analytics.py:19: error: Name "zero_knowledge_export" is not defined  [name-defined]
analytics/churn_retention_analytics.py:21: error: Name "schedule_backup" is not defined  [name-defined]
analytics/churn_retention_analytics.py:23: error: Name "export_compliance_manifest" is not defined  [name-defined]
analytics/churn_retention_analytics.py:27: error: Name "detect_signals" is not defined  [name-defined]
analytics/churn_retention_analytics.py:30: error: Function is missing a type annotation  [no-untyped-def]
aifolio_knowledge_extractor.py:27: error: Function is missing a type annotation  [no-untyped-def]
aifolio_knowledge_extractor.py:31: error: Function is missing a type annotation  [no-untyped-def]
aifolio_knowledge_extractor.py:38: error: Call to untyped function "should_include" in typed context  [no-untyped-call]
aifolio_knowledge_extractor.py:44: error: Call to untyped function "zip_filtered_files" in typed context  [no-untyped-call]
hooks/dispatcher/event_dispatcher.py:32: error: Function is missing a return type annotation  [no-untyped-def]
hooks/dispatcher/event_dispatcher.py:32: error: Missing type parameters for generic type "dict"  [type-arg]
hooks/dispatcher/event_dispatcher.py:48: error: Function is missing a return type annotation  [no-untyped-def]
hooks/dispatcher/event_dispatcher.py:69: error: Function is missing a return type annotation  [no-untyped-def]
hooks/dispatcher/event_dispatcher.py:73: error: Function is missing a return type annotation  [no-untyped-def]
hooks/dispatcher/event_dispatcher.py:77: error: Function is missing a return type annotation  [no-untyped-def]
financial/financial_manager.py:10: error: Need type annotation for "transfer_rules" (hint: "transfer_rules: List[<type>] = ...")  [var-annotated]
financial/financial_manager.py:11: error: Need type annotation for "revenue_streams" (hint: "revenue_streams: List[<type>] = ...")  [var-annotated]
financial/financial_manager.py:12: error: Need type annotation for "expense_categories" (hint: "expense_categories: List[<type>] = ...")  [var-annotated]
financial/financial_manager.py:25: error: "EnhancedFinancialManager" has no attribute "_get_current_balance"  [attr-defined]
financial/financial_manager.py:28: error: "EnhancedFinancialManager" has no attribute "_get_auto_transfer_status"  [attr-defined]
financial/financial_manager.py:38: error: "EnhancedFinancialManager" has no attribute "_get_total_revenue"  [attr-defined]
financial/financial_manager.py:39: error: "EnhancedFinancialManager" has no attribute "_get_monthly_revenue"  [attr-defined]
financial/financial_manager.py:40: error: "EnhancedFinancialManager" has no attribute "_get_daily_revenue"  [attr-defined]
financial/financial_manager.py:41: error: "EnhancedFinancialManager" has no attribute "_get_revenue_by_source"  [attr-defined]
financial/financial_manager.py:42: error: "EnhancedFinancialManager" has no attribute "_get_revenue_by_category"  [attr-defined]
financial/financial_manager.py:43: error: "EnhancedFinancialManager" has no attribute "_get_revenue_trends"; maybe "_get_revenue_predictions"?  [attr-defined]
financial/financial_manager.py:46: error: Missing return statement  [return]
financial/financial_manager.py:75: error: "EnhancedFinancialManager" has no attribute "_get_conversion_by_category"  [attr-defined]
financial/financial_manager.py:76: error: "EnhancedFinancialManager" has no attribute "_get_conversion_by_source"  [attr-defined]
autonomy/utils/retry.py:5: error: Function is missing a type annotation  [no-untyped-def]
autonomy/utils/retry.py:6: error: Function is missing a type annotation  [no-untyped-def]
autonomy/utils/retry.py:8: error: Function is missing a type annotation  [no-untyped-def]
autonomy/utils/retry.py:24: error: Call to untyped function "decorator_retry" in typed context  [no-untyped-call]
autonomy/post_sale_hooks/hook_replay_cli.py:7: error: Function is missing a type annotation  [no-untyped-def]
autonomy/post_sale_hooks/hook_replay_cli.py:13: error: Function is missing a return type annotation  [no-untyped-def]
autonomy/post_sale_hooks/hook_replay_cli.py:13: note: Use "-> None" if function does not return a value
autonomy/post_sale_hooks/hook_replay_cli.py:30: error: Call to untyped function "replay_hook_line" in typed context  [no-untyped-call]
autonomy/post_sale_hooks/hook_replay_cli.py:36: error: Call to untyped function "main" in typed context  [no-untyped-call]
autonomy/legal/legal_export.py:28: error: Function is missing a return type annotation  [no-untyped-def]
autonomy/ai_static/anti_sentience_guard.py:15: error: Function is missing a type annotation  [no-untyped-def]
autonomy/pipeline/ai_style_tuning_engine.py:13: error: Function is missing a type annotation  [no-untyped-def]
autonomy/pipeline/ai_style_tuning_engine.py:24: error: Function is missing a type annotation  [no-untyped-def]
autonomy/pipeline/ai_style_tuning_engine.py:31: error: Function is missing a type annotation  [no-untyped-def]
autonomy/pipeline/ai_style_tuning_engine.py:38: error: Function is missing a type annotation  [no-untyped-def]
autonomy/pipeline/ai_style_tuning_engine.py:55: error: Call to untyped function "check_plagiarism" in typed context  [no-untyped-call]
autonomy/pipeline/ai_style_tuning_engine.py:56: error: Call to untyped function "enforce_style" in typed context  [no-untyped-call]
autonomy/pipeline/ai_style_tuning_engine.py:57: error: Call to untyped function "log_style_tuning" in typed context  [no-untyped-call]
autonomy/ai_static_engines/pmp_personal_muse_protocol.py:23: error: Function is missing a return type annotation  [no-untyped-def]
autonomy/ai_static_engines/pmp_personal_muse_protocol.py:23: note: Use "-> None" if function does not return a value
autonomy/ai_static_engines/pmp_personal_muse_protocol.py:26: error: Function is missing a return type annotation  [no-untyped-def]
autonomy/ai_static_engines/pmp_personal_muse_protocol.py:31: error: Function is missing a return type annotation  [no-untyped-def]
autonomy/ai_static_engines/pmp_personal_muse_protocol.py:67: error: Call to untyped function "BlockchainAuditLog" in typed context  [no-untyped-call]
autonomy/ai_static_engines/pmp_personal_muse_protocol.py:76: error: Call to untyped function "_verify_owner" in typed context  [no-untyped-call]
autonomy/ai_static_engines/pmp_personal_muse_protocol.py:79: error: Function is missing a return type annotation  [no-untyped-def]
autonomy/ai_static_engines/pmp_personal_muse_protocol.py:79: note: Use "-> None" if function does not return a value
autonomy/ai_static_engines/pmp_personal_muse_protocol.py:86: error: Function is missing a return type annotation  [no-untyped-def]
autonomy/ai_static_engines/pmp_personal_muse_protocol.py:97: error: Function is missing a return type annotation  [no-untyped-def]
autonomy/ai_static_engines/pmp_personal_muse_protocol.py:104: error: Function is missing a return type annotation  [no-untyped-def]
autonomy/ai_static_engines/pmp_personal_muse_protocol.py:109: error: Function is missing a return type annotation  [no-untyped-def]
autonomy/ai_static_engines/pmp_personal_muse_protocol.py:113: error: Function is missing a return type annotation  [no-untyped-def]
autonomy/ai_static_engines/pmp_personal_muse_protocol.py:117: error: Function is missing a return type annotation  [no-untyped-def]
autonomy/ai_static_engines/pmp_personal_muse_protocol.py:121: error: Function is missing a return type annotation  [no-untyped-def]
autonomy/ai_static_engines/pmp_personal_muse_protocol.py:125: error: Function is missing a return type annotation  [no-untyped-def]
autonomy/ai_static_engines/pmp_personal_muse_protocol.py:125: note: Use "-> None" if function does not return a value
autonomy/ai_static_engines/pmp_personal_muse_protocol.py:130: error: Call to untyped function "BlockchainAuditLog" in typed context  [no-untyped-call]
autonomy/ai_static_engines/pmp_personal_muse_protocol.py:152: error: Function is missing a return type annotation  [no-untyped-def]
autonomy/ai_static_engines/pmp_personal_muse_protocol.py:156: error: Call to untyped function "export" in typed context  [no-untyped-call]
autonomy/ai_static_engines/pmp_personal_muse_protocol.py:158: error: Function is missing a return type annotation  [no-untyped-def]
autonomy/ai_static_engines/justice_ethics_execution_lawful_ai_arbitration.py:15: error: Missing type parameters for generic type "Dict"  [type-arg]
autonomy/ai_static_engines/justice_ethics_execution_lawful_ai_arbitration.py:17: error: "type[JusticeEthicsExecutionLawfulAIArbitration]" has no attribute "monitor_violations"  [attr-defined]
autonomy/ai_static_engines/justice_ethics_execution_lawful_ai_arbitration.py:34: error: Missing type parameters for generic type "Dict"  [type-arg]
autonomy/ai_static_engines/justice_ethics_execution_lawful_ai_arbitration.py:47: error: Missing type parameters for generic type "Dict"  [type-arg]
autonomy/ai_static_engines/justice_ethics_execution_lawful_ai_arbitration.py:51: error: Missing type parameters for generic type "Dict"  [type-arg]
autonomy/ai_static_engines/phase9_static_empire_modules.py:25: error: Function is missing a type annotation  [no-untyped-def]
autonomy/ai_static_engines/phase9_static_empire_modules.py:41: error: Function is missing a type annotation  [no-untyped-def]
autonomy/ai_static_engines/phase9_static_empire_modules.py:43: error: Call to untyped function "log_audit" in typed context  [no-untyped-call]
autonomy/ai_static_engines/phase9_static_empire_modules.py:52: error: Function is missing a return type annotation  [no-untyped-def]
autonomy/ai_static_engines/phase9_static_empire_modules.py:54: error: Call to untyped function "log_audit" in typed context  [no-untyped-call]
autonomy/ai_static_engines/phase9_static_empire_modules.py:60: error: Function is missing a type annotation  [no-untyped-def]
autonomy/ai_static_engines/phase9_static_empire_modules.py:62: error: Call to untyped function "log_audit" in typed context  [no-untyped-call]
autonomy/ai_static_engines/phase9_static_empire_modules.py:68: error: Function is missing a type annotation  [no-untyped-def]
autonomy/ai_static_engines/phase9_static_empire_modules.py:70: error: Call to untyped function "log_audit" in typed context  [no-untyped-call]
autonomy/ai_static_engines/phase9_static_empire_modules.py:76: error: Function is missing a type annotation  [no-untyped-def]
autonomy/ai_static_engines/phase9_static_empire_modules.py:78: error: Call to untyped function "log_audit" in typed context  [no-untyped-call]
autonomy/ai_static_engines/phase9_static_empire_modules.py:86: error: Function is missing a type annotation  [no-untyped-def]
autonomy/ai_static_engines/phase9_static_empire_modules.py:88: error: Call to untyped function "log_audit" in typed context  [no-untyped-call]
autonomy/ai_static_engines/phase9_static_empire_modules.py:94: error: Function is missing a type annotation  [no-untyped-def]
autonomy/ai_static_engines/phase9_static_empire_modules.py:96: error: Call to untyped function "log_audit" in typed context  [no-untyped-call]
autonomy/ai_static_engines/phase9_static_empire_modules.py:103: error: Function is missing a return type annotation  [no-untyped-def]
autonomy/ai_static_engines/phase9_static_empire_modules.py:104: error: Call to untyped function "log_audit" in typed context  [no-untyped-call]
autonomy/ai_static_engines/phase9_static_empire_modules.py:110: error: Function is missing a return type annotation  [no-untyped-def]
autonomy/ai_static_engines/phase9_static_empire_modules.py:111: error: Call to untyped function "log_audit" in typed context  [no-untyped-call]
autonomy/ai_static_engines/phase9_static_empire_modules.py:117: error: Function is missing a return type annotation  [no-untyped-def]
autonomy/ai_static_engines/phase9_static_empire_modules.py:118: error: Call to untyped function "log_audit" in typed context  [no-untyped-call]
autonomy/ai_static_engines/phase9_static_empire_modules.py:124: error: Function is missing a return type annotation  [no-untyped-def]
autonomy/ai_static_engines/phase9_static_empire_modules.py:125: error: Call to untyped function "log_audit" in typed context  [no-untyped-call]
autonomy/ai_static_engines/phase9_static_empire_modules.py:131: error: Function is missing a return type annotation  [no-untyped-def]
autonomy/ai_static_engines/phase9_static_empire_modules.py:132: error: Call to untyped function "log_audit" in typed context  [no-untyped-call]
autonomy/ai_static_engines/phase9_static_empire_modules.py:138: error: Function is missing a return type annotation  [no-untyped-def]
autonomy/ai_static_engines/phase9_static_empire_modules.py:139: error: Call to untyped function "log_audit" in typed context  [no-untyped-call]
autonomy/ai_static_engines/phase9_static_empire_modules.py:145: error: Function is missing a return type annotation  [no-untyped-def]
autonomy/ai_static_engines/phase9_static_empire_modules.py:146: error: Call to untyped function "log_audit" in typed context  [no-untyped-call]
autonomy/ai_static_engines/phase9_static_empire_modules.py:153: error: Function is missing a type annotation  [no-untyped-def]
autonomy/ai_static_engines/phase9_static_empire_modules.py:154: error: Call to untyped function "log_audit" in typed context  [no-untyped-call]
autonomy/ai_static_engines/phase9_static_empire_modules.py:160: error: Function is missing a return type annotation  [no-untyped-def]
autonomy/ai_static_engines/phase9_static_empire_modules.py:161: error: Call to untyped function "log_audit" in typed context  [no-untyped-call]
autonomy/ai_static_engines/phase9_static_empire_modules.py:167: error: Function is missing a type annotation  [no-untyped-def]
autonomy/ai_static_engines/phase9_static_empire_modules.py:168: error: Call to untyped function "log_audit" in typed context  [no-untyped-call]
autonomy/ai_static_engines/phase9_static_empire_modules.py:174: error: Function is missing a return type annotation  [no-untyped-def]
autonomy/ai_static_engines/phase9_static_empire_modules.py:175: error: Call to untyped function "log_audit" in typed context  [no-untyped-call]
autonomy/ai_static_engines/phase9_static_empire_modules.py:181: error: Function is missing a type annotation  [no-untyped-def]
autonomy/ai_static_engines/phase9_static_empire_modules.py:182: error: Call to untyped function "log_audit" in typed context  [no-untyped-call]
autonomy/ai_static_engines/phase9_static_empire_modules.py:188: error: Function is missing a return type annotation  [no-untyped-def]
autonomy/ai_static_engines/phase9_static_empire_modules.py:189: error: Call to untyped function "log_audit" in typed context  [no-untyped-call]
autonomy/ai_static_engines/phase9_static_empire_modules.py:196: error: Function is missing a return type annotation  [no-untyped-def]
autonomy/ai_static_engines/phase9_static_empire_modules.py:197: error: Call to untyped function "log_audit" in typed context  [no-untyped-call]
autonomy/ai_static_engines/phase9_static_empire_modules.py:206: error: Function is missing a return type annotation  [no-untyped-def]
autonomy/ai_static_engines/phase9_static_empire_modules.py:207: error: Call to untyped function "log_audit" in typed context  [no-untyped-call]
autonomy/ai_static_engines/phase9_static_empire_modules.py:213: error: Function is missing a return type annotation  [no-untyped-def]
autonomy/ai_static_engines/phase9_static_empire_modules.py:214: error: Call to untyped function "log_audit" in typed context  [no-untyped-call]
autonomy/ai_static_engines/phase9_static_empire_modules.py:220: error: Function is missing a return type annotation  [no-untyped-def]
autonomy/ai_static_engines/phase9_static_empire_modules.py:221: error: Call to untyped function "log_audit" in typed context  [no-untyped-call]
autonomy/ai_static_engines/phase9_static_empire_modules.py:227: error: Function is missing a return type annotation  [no-untyped-def]
autonomy/ai_static_engines/phase9_static_empire_modules.py:228: error: Call to untyped function "log_audit" in typed context  [no-untyped-call]
autonomy/ai_static_engines/phase9_static_empire_modules.py:234: error: Function is missing a return type annotation  [no-untyped-def]
autonomy/ai_static_engines/phase9_static_empire_modules.py:235: error: Call to untyped function "log_audit" in typed context  [no-untyped-call]
autonomy/ai_static_engines/phase9_static_empire_modules.py:242: error: Function is missing a return type annotation  [no-untyped-def]
autonomy/ai_static_engines/phase9_static_empire_modules.py:243: error: Call to untyped function "log_audit" in typed context  [no-untyped-call]
autonomy/ai_static_engines/phase9_static_empire_modules.py:249: error: Function is missing a return type annotation  [no-untyped-def]
autonomy/ai_static_engines/phase9_static_empire_modules.py:250: error: Call to untyped function "log_audit" in typed context  [no-untyped-call]
autonomy/ai_static_engines/phase9_static_empire_modules.py:256: error: Function is missing a return type annotation  [no-untyped-def]
autonomy/ai_static_engines/phase9_static_empire_modules.py:257: error: Call to untyped function "log_audit" in typed context  [no-untyped-call]
autonomy/ai_static_engines/phase9_static_empire_modules.py:263: error: Function is missing a return type annotation  [no-untyped-def]
autonomy/ai_static_engines/phase9_static_empire_modules.py:264: error: Call to untyped function "log_audit" in typed context  [no-untyped-call]
autonomy/ai_static_engines/phase9_static_empire_modules.py:270: error: Function is missing a return type annotation  [no-untyped-def]
autonomy/ai_static_engines/phase9_static_empire_modules.py:271: error: Call to untyped function "log_audit" in typed context  [no-untyped-call]
autonomy/ai_static_engines/phase9_static_empire_modules.py:278: error: Function is missing a return type annotation  [no-untyped-def]
autonomy/ai_static_engines/phase9_static_empire_modules.py:279: error: Call to untyped function "log_audit" in typed context  [no-untyped-call]
autonomy/ai_static_engines/phase9_static_empire_modules.py:285: error: Function is missing a return type annotation  [no-untyped-def]
autonomy/ai_static_engines/phase9_static_empire_modules.py:286: error: Call to untyped function "log_audit" in typed context  [no-untyped-call]
autonomy/ai_static_engines/phase9_static_empire_modules.py:292: error: Function is missing a return type annotation  [no-untyped-def]
autonomy/ai_static_engines/phase9_static_empire_modules.py:293: error: Call to untyped function "log_audit" in typed context  [no-untyped-call]
autonomy/ai_static_engines/phase9_static_empire_modules.py:299: error: Function is missing a return type annotation  [no-untyped-def]
autonomy/ai_static_engines/phase9_static_empire_modules.py:300: error: Call to untyped function "log_audit" in typed context  [no-untyped-call]
autonomy/ai_static_engines/phase9_static_empire_modules.py:306: error: Function is missing a return type annotation  [no-untyped-def]
autonomy/ai_static_engines/phase9_static_empire_modules.py:307: error: Call to untyped function "log_audit" in typed context  [no-untyped-call]
autonomy/ai_static_engines/phase9_static_empire_modules.py:313: error: Function is missing a return type annotation  [no-untyped-def]
autonomy/ai_static_engines/phase9_static_empire_modules.py:314: error: Call to untyped function "log_audit" in typed context  [no-untyped-call]
autonomy/ai_static_engines/phase9_static_empire_modules.py:321: error: Function is missing a return type annotation  [no-untyped-def]
autonomy/ai_static_engines/phase9_static_empire_modules.py:322: error: Call to untyped function "log_audit" in typed context  [no-untyped-call]
autonomy/ai_static_engines/phase9_static_empire_modules.py:328: error: Function is missing a return type annotation  [no-untyped-def]
autonomy/ai_static_engines/phase9_static_empire_modules.py:329: error: Call to untyped function "log_audit" in typed context  [no-untyped-call]
autonomy/ai_static_engines/phase9_static_empire_modules.py:335: error: Function is missing a return type annotation  [no-untyped-def]
autonomy/ai_static_engines/phase9_static_empire_modules.py:336: error: Call to untyped function "log_audit" in typed context  [no-untyped-call]
autonomy/ai_static_engines/phase9_static_empire_modules.py:342: error: Function is missing a return type annotation  [no-untyped-def]
autonomy/ai_static_engines/phase9_static_empire_modules.py:343: error: Call to untyped function "log_audit" in typed context  [no-untyped-call]
autonomy/ai_static_engines/phase9_static_empire_modules.py:349: error: Function is missing a return type annotation  [no-untyped-def]
autonomy/ai_static_engines/phase9_static_empire_modules.py:350: error: Call to untyped function "log_audit" in typed context  [no-untyped-call]
autonomy/ai_static_engines/phase9_static_empire_modules.py:356: error: Function is missing a return type annotation  [no-untyped-def]
autonomy/ai_static_engines/phase9_static_empire_modules.py:357: error: Call to untyped function "log_audit" in typed context  [no-untyped-call]
autonomy/ai_static_engines/phase9_static_empire_modules.py:364: error: Call to untyped function "log_audit" in typed context  [no-untyped-call]
autonomy/ai_tools/review_analyzer.py:5: error: Function is missing a type annotation  [no-untyped-def]
autonomy/pipeline/monitoring.py:14: error: Function is missing a type annotation  [no-untyped-def]
autonomy/ai_tools/seo_metadata_generator.py:14: error: Function is missing a type annotation  [no-untyped-def]
autonomy/ai_tools/vault_description_optimizer.py:16: error: Function is missing a type annotation  [no-untyped-def]
autonomy/pipeline/ready_for_sale_packaging.py:17: error: Function is missing a type annotation  [no-untyped-def]
autonomy/pipeline/ready_for_sale_packaging.py:24: error: Function is missing a type annotation  [no-untyped-def]
autonomy/pipeline/ready_for_sale_packaging.py:31: error: Function is missing a type annotation  [no-untyped-def]
autonomy/pipeline/ready_for_sale_packaging.py:69: error: Function is missing a type annotation  [no-untyped-def]
autonomy/pipeline/ready_for_sale_packaging.py:83: error: Call to untyped function "is_garbage_filename" in typed context  [no-untyped-call]
autonomy/pipeline/ready_for_sale_packaging.py:91: error: Call to untyped function "slugify_filename" in typed context  [no-untyped-call]
autonomy/pipeline/ready_for_sale_packaging.py:108: error: Call to untyped function "check_pdf_compliance" in typed context  [no-untyped-call]
autonomy/pipeline/ready_for_sale_packaging.py:148: error: Function is missing a type annotation  [no-untyped-def]
autonomy/pipeline/ready_for_sale_packaging.py:155: error: Call to untyped function "check_package_integrity" in typed context  [no-untyped-call]
autonomy/pipeline/ready_for_sale_packaging.py:170: error: Function is missing a type annotation  [no-untyped-def]
autonomy/pipeline/ready_for_sale_packaging.py:183: error: Call to untyped function "check_package_integrity" in typed context  [no-untyped-call]
autonomy/pipeline/ready_for_sale_packaging.py:184: error: Call to untyped function "generate_final_checklist" in typed context  [no-untyped-call]
windsurf_sentinel.py:31: error: Function is missing a type annotation  [no-untyped-def]
windsurf_sentinel.py:38: error: Function is missing a type annotation  [no-untyped-def]
windsurf_sentinel.py:40: error: Function is missing a type annotation  [no-untyped-def]
windsurf_sentinel.py:75: error: Function is missing a type annotation  [no-untyped-def]
windsurf_sentinel.py:125: error: Function is missing a type annotation  [no-untyped-def]
windsurf_sentinel.py:139: error: Function is missing a return type annotation  [no-untyped-def]
windsurf_sentinel.py:139: note: Use "-> None" if function does not return a value
windsurf_sentinel.py:141: error: Call to untyped function "is_forbidden" in typed context  [no-untyped-call]
windsurf_sentinel.py:144: error: Call to untyped function "log_event" in typed context  [no-untyped-call]
windsurf_sentinel.py:158: error: Call to untyped function "main" in typed context  [no-untyped-call]
ultimate_founder_firewall.py:10: error: Function is missing a type annotation  [no-untyped-def]
tutorials_guides.py:9: error: Function is missing a return type annotation  [no-untyped-def]
tutorials_guides.py:9: note: Use "-> None" if function does not return a value
tutorials_guides.py:13: error: Function is missing a return type annotation  [no-untyped-def]
tutorials_guides.py:19: error: Returning Any from function declared to return "str"  [no-any-return]
tutorials_guides.py:21: error: Function is missing a return type annotation  [no-untyped-def]
tutorials_guides.py:27: error: Function is missing a return type annotation  [no-untyped-def]
tutorials_guides.py:27: note: Use "-> None" if function does not return a value
tutorials_guides.py:30: error: Function is missing a return type annotation  [no-untyped-def]
tutorials_guides.py:36: error: Returning Any from function declared to return "str"  [no-any-return]
shadow_monitor.py:8: error: Function is missing a type annotation  [no-untyped-def]
shadow_monitor.py:11: error: Call to untyped function "auto_flush_cache" in typed context  [no-untyped-call]
shadow_monitor.py:12: error: Call to untyped function "reset_state" in typed context  [no-untyped-call]
shadow_monitor.py:17: error: Function is missing a return type annotation  [no-untyped-def]
shadow_monitor.py:17: note: Use "-> None" if function does not return a value
shadow_monitor.py:21: error: Function is missing a return type annotation  [no-untyped-def]
shadow_monitor.py:21: note: Use "-> None" if function does not return a value
sentience_suppression_protocol.py:9: error: Function is missing a type annotation  [no-untyped-def]
sentience_suppression_protocol.py:17: error: Function is missing a return type annotation  [no-untyped-def]
security_suite.py:22: error: Function is missing a return type annotation  [no-untyped-def]
security_suite.py:22: note: Use "-> None" if function does not return a value
security_suite.py:25: error: Function is missing a return type annotation  [no-untyped-def]
security_suite.py:32: error: Function is missing a return type annotation  [no-untyped-def]
security_suite.py:39: error: Missing type parameters for generic type "list"  [type-arg]
security_suite.py:59: error: Function is missing a return type annotation  [no-untyped-def]
scalability_innovation.py:10: error: Function is missing a return type annotation  [no-untyped-def]
scalability_innovation.py:16: error: Function is missing a return type annotation  [no-untyped-def]
scalability_innovation.py:20: error: Function is missing a return type annotation  [no-untyped-def]
scalability_innovation.py:26: error: Function is missing a return type annotation  [no-untyped-def]
scalability_innovation.py:26: note: Use "-> None" if function does not return a value
scalability_innovation.py:29: error: Function is missing a return type annotation  [no-untyped-def]
scalability_innovation.py:34: error: Function is missing a return type annotation  [no-untyped-def]
run_compliance_suite.py:15: error: Function is missing a return type annotation  [no-untyped-def]
run_compliance_suite.py:28: error: Function is missing a return type annotation  [no-untyped-def]
run_compliance_suite.py:28: note: Use "-> None" if function does not return a value
run_compliance_suite.py:29: error: Call to untyped function "run_tests" in typed context  [no-untyped-call]
run_compliance_suite.py:39: error: Call to untyped function "main" in typed context  [no-untyped-call]
partner_api_stubs.py:9: error: Function is missing a type annotation  [no-untyped-def]
partner_api_stubs.py:14: error: Function is missing a type annotation  [no-untyped-def]
partner_api_stubs.py:19: error: Function is missing a type annotation  [no-untyped-def]
partner_api_stubs.py:24: error: Function is missing a type annotation  [no-untyped-def]
owner_lockdown.py:14: error: Function is missing a return type annotation  [no-untyped-def]
owner_lockdown.py:21: error: Function is missing a return type annotation  [no-untyped-def]
owner_lockdown.py:22: error: Function is missing a return type annotation  [no-untyped-def]
owner_lockdown.py:22: error: Missing type parameters for generic type "Callable"  [type-arg]
owner_lockdown.py:23: error: Function is missing a type annotation  [no-untyped-def]
owner_lockdown.py:24: error: Call to untyped function "biometric_check" in typed context  [no-untyped-call]
owner_lockdown.py:43: error: Need type annotation for "command_log" (hint: "command_log: List[<type>] = ...")  [var-annotated]
owner_lockdown.py:45: error: Untyped decorator makes function "execute" untyped  [misc]
owner_lockdown.py:46: error: Function is missing a return type annotation  [no-untyped-def]
owner_lockdown.py:46: error: Function is missing a type annotation for one or more arguments  [no-untyped-def]
owner_lockdown.py:53: error: Function is missing a return type annotation  [no-untyped-def]
notification_guide.py:9: error: Function is missing a return type annotation  [no-untyped-def]
notification_guide.py:9: note: Use "-> None" if function does not return a value
notification_guide.py:18: error: Function is missing a return type annotation  [no-untyped-def]
notification_guide.py:18: error: Function is missing a type annotation for one or more arguments  [no-untyped-def]
notification_guide.py:24: error: Function is missing a type annotation  [no-untyped-def]
notification_guide.py:37: error: Function is missing a return type annotation  [no-untyped-def]
notification_guide.py:37: note: Use "-> None" if function does not return a value
notification_guide.py:41: error: Function is missing a return type annotation  [no-untyped-def]
notification_guide.py:44: error: Function is missing a return type annotation  [no-untyped-def]
notification_guide.py:49: error: Function is missing a return type annotation  [no-untyped-def]
no_auto_evolution_framework.py:8: error: Function is missing a return type annotation  [no-untyped-def]
no_auto_evolution_framework.py:8: note: Use "-> None" if function does not return a value
no_auto_evolution_framework.py:13: error: Function is missing a return type annotation  [no-untyped-def]
no_auto_evolution_framework.py:13: note: Use "-> None" if function does not return a value
legal_action_gatekeeper.py:9: error: Function is missing a type annotation  [no-untyped-def]
emma_stub.py:10: error: Function is missing a type annotation  [no-untyped-def]
emma_stub.py:26: error: Function is missing a type annotation  [no-untyped-def]
emma_stub.py:31: error: Call to untyped function "log_event" in typed context  [no-untyped-call]
emma_stub.py:38: error: Call to untyped function "biometric_approval_stub" in typed context  [no-untyped-call]
emma_stub.py:39: error: Call to untyped function "log_event" in typed context  [no-untyped-call]
emma_stub.py:40: error: Call to untyped function "log_event" in typed context  [no-untyped-call]
emma_stub.py:41: error: Call to untyped function "log_event" in typed context  [no-untyped-call]
emma_stub.py:42: error: Call to untyped function "log_event" in typed context  [no-untyped-call]
emma_stub.py:43: error: Call to untyped function "log_event" in typed context  [no-untyped-call]
emma_stub.py:45: error: Call to untyped function "log_event" in typed context  [no-untyped-call]
emma_ethics_guard.py:14: error: Function is missing a type annotation  [no-untyped-def]
emma_ethics_guard.py:25: error: Call to untyped function "notify_emma" in typed context  [no-untyped-call]
emma_ethics_guard.py:28: error: Function is missing a type annotation  [no-untyped-def]
emma_ethics_guard.py:35: error: Function is missing a type annotation  [no-untyped-def]
codemaster_ide.py:9: error: Function is missing a return type annotation  [no-untyped-def]
codemaster_ide.py:9: note: Use "-> None" if function does not return a value
codemaster_ide.py:12: error: Function is missing a return type annotation  [no-untyped-def]
codemaster_ide.py:12: error: Missing type parameters for generic type "list"  [type-arg]
codemaster_ide.py:17: error: Function is missing a return type annotation  [no-untyped-def]
codemaster_ide.py:22: error: Function is missing a return type annotation  [no-untyped-def]
codemaster_ide.py:27: error: Function is missing a return type annotation  [no-untyped-def]
codemaster_ide.py:31: error: Function is missing a return type annotation  [no-untyped-def]
codemaster_ide.py:35: error: Function is missing a return type annotation  [no-untyped-def]
codemaster_ide.py:39: error: Function is missing a return type annotation  [no-untyped-def]
business_integration.py:14: error: Function is missing a return type annotation  [no-untyped-def]
business_integration.py:20: error: Function is missing a return type annotation  [no-untyped-def]
business_integration.py:20: note: Use "-> None" if function does not return a value
business_integration.py:23: error: Function is missing a return type annotation  [no-untyped-def]
business_integration.py:28: error: Function is missing a return type annotation  [no-untyped-def]
business_integration.py:33: error: Function is missing a return type annotation  [no-untyped-def]
business_integration.py:33: note: Use "-> None" if function does not return a value
business_integration.py:36: error: Function is missing a return type annotation  [no-untyped-def]
audit_exporter.py:16: error: Function is missing a type annotation  [no-untyped-def]
audit_exporter.py:27: error: Function is missing a type annotation  [no-untyped-def]
audit_exporter.py:38: error: Function is missing a return type annotation  [no-untyped-def]
audit_exporter.py:38: note: Use "-> None" if function does not return a value
audit_exporter.py:48: error: Call to untyped function "search_audit" in typed context  [no-untyped-call]
audit_exporter.py:49: error: Call to untyped function "export_results" in typed context  [no-untyped-call]
audit_exporter.py:53: error: Call to untyped function "main" in typed context  [no-untyped-call]
anti_sentience_watchdog.py:10: error: Function is missing a return type annotation  [no-untyped-def]
anti_sentience_watchdog.py:10: note: Use "-> None" if function does not return a value
anti_sentience_watchdog.py:13: error: Missing type parameters for generic type "list"  [type-arg]
anti_sentience_watchdog.py:19: error: Function is missing a return type annotation  [no-untyped-def]
anti_sentience_watchdog.py:24: error: Function is missing a return type annotation  [no-untyped-def]
anti_sentience_watchdog.py:29: error: Function is missing a return type annotation  [no-untyped-def]
anti_sentience_watchdog.py:36: error: Function is missing a return type annotation  [no-untyped-def]
anti_sentience_codedefense.py:11: error: Function is missing a return type annotation  [no-untyped-def]
anti_sentience_codedefense.py:11: error: Function is missing a type annotation for one or more arguments  [no-untyped-def]
anti_sentience_codedefense.py:17: error: Function is missing a type annotation  [no-untyped-def]
anti_sentience_codedefense.py:24: error: Function is missing a return type annotation  [no-untyped-def]
EmmaVolumeMonitor.py:18: error: Function is missing a return type annotation  [no-untyped-def]
EmmaVolumeMonitor.py:32: error: Function is missing a return type annotation  [no-untyped-def]
EmmaVolumeMonitor.py:43: error: Function is missing a return type annotation  [no-untyped-def]
EmmaVolumeMonitor.py:43: note: Use "-> None" if function does not return a value
EmmaVolumeMonitor.py:47: error: Function is missing a return type annotation  [no-untyped-def]
EmmaVolumeMonitor.py:47: note: Use "-> None" if function does not return a value
EmmaVolumeMonitor.py:51: error: Function is missing a return type annotation  [no-untyped-def]
EmmaVolumeMonitor.py:51: note: Use "-> None" if function does not return a value
EmmaVolumeMonitor.py:55: error: Function is missing a return type annotation  [no-untyped-def]
EmmaVolumeMonitor.py:55: note: Use "-> None" if function does not return a value
EmmaVolumeMonitor.py:59: error: Function is missing a return type annotation  [no-untyped-def]
EmmaVolumeMonitor.py:59: note: Use "-> None" if function does not return a value
EmmaVolumeMonitor.py:82: error: Call to untyped function "log_mount" in typed context  [no-untyped-call]
EmmaVolumeMonitor.py:84: error: Call to untyped function "log_sync" in typed context  [no-untyped-call]
EmmaVolumeMonitor.py:86: error: Call to untyped function "log_restore" in typed context  [no-untyped-call]
EmmaVolumeMonitor.py:88: error: Call to untyped function "log_unmount" in typed context  [no-untyped-call]
EmmaVolumeMonitor.py:90: error: Call to untyped function "log_violation" in typed context  [no-untyped-call]
windsurf/error_logger.py:10: error: Function is missing a type annotation  [no-untyped-def]
security/usage_watcher.py:11: error: Function is missing a type annotation  [no-untyped-def]
security/usage_watcher.py:26: error: Function is missing a return type annotation  [no-untyped-def]
security/usage_watcher.py:49: error: Call to untyped function "log_anomaly" in typed context  [no-untyped-call]
security/usage_watcher.py:53: error: Function is missing a type annotation  [no-untyped-def]
security/manual_override_guard.py:9: error: Need type annotation for "_attempts" (hint: "_attempts: Dict[<type>, <type>] = ...")  [var-annotated]
security/manual_override_guard.py:13: error: Function is missing a type annotation  [no-untyped-def]
security/audit_logger.py:9: error: Function is missing a type annotation  [no-untyped-def]
omnisecure_stack/omnisecure_seeder.py:32: error: Function is missing a return type annotation  [no-untyped-def]
omnisecure_stack/omnisecure_seeder.py:32: note: Use "-> None" if function does not return a value
omnisecure_stack/omnisecure_seeder.py:48: error: Function is missing a return type annotation  [no-untyped-def]
omnisecure_stack/omnisecure_seeder.py:60: error: Function is missing a type annotation  [no-untyped-def]
licensing/license_variant_generator.py:7: error: Function is missing a type annotation  [no-untyped-def]
licensing/fractal_licensing_engine.py:9: error: Need type annotation for "_vaults" (hint: "_vaults: List[<type>] = ...")  [var-annotated]
licensing/fractal_licensing_engine.py:10: error: Need type annotation for "_licensing_variants" (hint: "_licensing_variants: Dict[<type>, <type>] = ...")  [var-annotated]
licensing/fractal_licensing_engine.py:11: error: Need type annotation for "_licensee_log" (hint: "_licensee_log: List[<type>] = ...")  [var-annotated]
licensing/fractal_licensing_engine.py:12: error: Need type annotation for "_abuse_log" (hint: "_abuse_log: List[<type>] = ...")  [var-annotated]
licensing/fractal_licensing_engine.py:15: error: Function is missing a type annotation  [no-untyped-def]
licensing/fractal_licensing_engine.py:32: error: Function is missing a type annotation  [no-untyped-def]
licensing/fractal_licensing_engine.py:55: error: Function is missing a type annotation  [no-untyped-def]
licensing/fractal_licensing_engine.py:59: error: Function is missing a type annotation  [no-untyped-def]
licensing/fractal_licensing_engine.py:72: error: Function is missing a type annotation  [no-untyped-def]
licensing/fractal_licensing_engine.py:85: error: Function is missing a type annotation  [no-untyped-def]
licensing/fractal_licensing_engine.py:100: error: Function is missing a type annotation  [no-untyped-def]
licensing/fractal_licensing_engine.py:113: error: Function is missing a return type annotation  [no-untyped-def]
licensing/fractal_licensing_engine.py:117: error: Function is missing a return type annotation  [no-untyped-def]
exports/partner_certification/exporter.py:50: error: Function is missing a return type annotation  [no-untyped-def]
exports/partner_certification/exporter.py:60: error: Function is missing a return type annotation  [no-untyped-def]
backend/phase_control_state.py:22: error: Function is missing a type annotation  [no-untyped-def]
backend/phase_control_state.py:41: error: Function is missing a return type annotation  [no-untyped-def]
backend/phase_control_state.py:46: error: Call to untyped function "save_state" in typed context  [no-untyped-call]
backend/phase_control_state.py:52: error: Call to untyped function "_log_action" in typed context  [no-untyped-call]
backend/phase_control_state.py:65: error: Function is missing a type annotation  [no-untyped-def]
backend/phase_control_state.py:74: error: Call to untyped function "_log_action" in typed context  [no-untyped-call]
backend/phase_control_state.py:87: error: Function is missing a type annotation  [no-untyped-def]
backend/phase_control_state.py:91: error: Call to untyped function "load_state" in typed context  [no-untyped-call]
backend/phase_control_state.py:93: error: Call to untyped function "save_state" in typed context  [no-untyped-call]
backend/phase_control_state.py:97: error: Call to untyped function "_log_action" in typed context  [no-untyped-call]
backend/phase_control_state.py:110: error: Function is missing a return type annotation  [no-untyped-def]
backend/phase_control_state.py:114: error: Call to untyped function "load_state" in typed context  [no-untyped-call]
backend/phase_control_state.py:116: error: Call to untyped function "save_state" in typed context  [no-untyped-call]
backend/phase_control_state.py:120: error: Call to untyped function "_log_action" in typed context  [no-untyped-call]
backend/phase_control_state.py:135: error: Function is missing a return type annotation  [no-untyped-def]
backend/phase_control_state.py:139: error: Call to untyped function "load_state" in typed context  [no-untyped-call]
backend/phase_control_state.py:143: error: Call to untyped function "save_state" in typed context  [no-untyped-call]
backend/phase_control_state.py:147: error: Call to untyped function "_log_action" in typed context  [no-untyped-call]
backend/phase_control_state.py:160: error: Function is missing a return type annotation  [no-untyped-def]
backend/phase_control_state.py:164: error: Call to untyped function "load_state" in typed context  [no-untyped-call]
backend/phase_control_state.py:167: error: Call to untyped function "save_state" in typed context  [no-untyped-call]
backend/phase_control_state.py:171: error: Call to untyped function "_log_action" in typed context  [no-untyped-call]
backend/phase_control_state.py:184: error: Function is missing a return type annotation  [no-untyped-def]
backend/phase_control_state.py:188: error: Call to untyped function "load_state" in typed context  [no-untyped-call]
backend/phase_control_state.py:191: error: Call to untyped function "save_state" in typed context  [no-untyped-call]
backend/phase_control_state.py:195: error: Call to untyped function "_log_action" in typed context  [no-untyped-call]
backend/phase_control_state.py:209: error: Function is missing a return type annotation  [no-untyped-def]
backend/phase_control_state.py:214: error: Function is missing a return type annotation  [no-untyped-def]
backend/utils/secure_logging.py:16: error: Function is missing a type annotation  [no-untyped-def]
backend/utils/secure_logging.py:21: error: Function is missing a type annotation  [no-untyped-def]
backend/utils/secure_logging.py:28: error: Function is missing a type annotation  [no-untyped-def]
backend/utils/secure_logging.py:31: error: Call to untyped function "_hash_entry" in typed context  [no-untyped-call]
backend/utils/secure_logging.py:36: error: Function is missing a return type annotation  [no-untyped-def]
backend/utils/secure_logging.py:36: note: Use "-> None" if function does not return a value
backend/utils/ethics_checker.py:21: error: Function is missing a return type annotation  [no-untyped-def]
backend/utils/ethics_checker.py:21: note: Use "-> None" if function does not return a value
backend/utils/ethics_checker.py:49: error: Missing type parameters for generic type "dict"  [type-arg]
backend/utils/ethics_checker.py:75: error: Call to untyped function "_log_action" in typed context  [no-untyped-call]
backend/utils/ethics_checker.py:103: error: Incompatible types in assignment (expression has type "None", variable has type "str")  [assignment]
backend/utils/ethics_checker.py:109: error: Call to untyped function "_log_action" in typed context  [no-untyped-call]
backend/utils/ethics_checker.py:124: error: Function is missing a type annotation  [no-untyped-def]
backend/utils/ethics_checker.py:153: error: Function is missing a return type annotation  [no-untyped-def]
backend/utils/ethics_checker.py:157: error: Function is missing a return type annotation  [no-untyped-def]
backend/utils/ethics_checker.py:170: error: Incompatible return value type (got "dict[Any, Any]", expected "tuple[bool, list[str]]")  [return-value]
backend/utils/ethics_checker.py:192: error: Call to untyped function "EthicsChecker" in typed context  [no-untyped-call]
backend/utils/api_utils.py:6: error: Function is missing a type annotation  [no-untyped-def]
backend/utils/api_utils.py:9: error: Function is missing a type annotation  [no-untyped-def]
backend/utils/api_utils.py:14: error: Function is missing a type annotation  [no-untyped-def]
backend/utils/api_utils.py:17: error: Function is missing a type annotation  [no-untyped-def]
backend/utils/api_utils.py:20: error: Function is missing a type annotation  [no-untyped-def]
backend/utils/api_utils.py:25: error: Function is missing a type annotation  [no-untyped-def]
backend/utils/api_utils.py:28: error: Function is missing a type annotation  [no-untyped-def]
backend/utils/api_utils.py:33: error: Function is missing a type annotation  [no-untyped-def]
backend/utils/api_utils.py:36: error: Function is missing a type annotation  [no-untyped-def]
backend/utils/api_utils.py:39: error: Function is missing a type annotation  [no-untyped-def]
backend/utils/api_utils.py:43: error: Function is missing a return type annotation  [no-untyped-def]
backend/utils/api_utils.py:52: error: Function is missing a type annotation  [no-untyped-def]
backend/utils/api_utils.py:61: error: Function is missing a type annotation  [no-untyped-def]
backend/utils/api_utils.py:70: error: Function is missing a type annotation  [no-untyped-def]
backend/utils/api_utils.py:79: error: Function is missing a type annotation  [no-untyped-def]
backend/utils/api_utils.py:88: error: Function is missing a type annotation  [no-untyped-def]
backend/utils/api_utils.py:97: error: Function is missing a type annotation  [no-untyped-def]
backend/utils/ai_safety.py:28: error: Function is missing a return type annotation  [no-untyped-def]
backend/utils/ai_safety.py:58: error: Returning Any from function declared to return "dict[str, Any]"  [no-any-return]
backend/utils/ai_safety.py:122: error: Need type annotation for "calls" (hint: "calls: List[<type>] = ...")  [var-annotated]
backend/utils/ai_safety.py:126: error: Module has no attribute "now"  [attr-defined]
backend/security/tls_hsts_csp.py:16: error: Missing type parameters for generic type "dict"  [type-arg]
backend/security/safe_ai_policy_engine.py:12: error: Function is missing a return type annotation  [no-untyped-def]
backend/security/safe_ai_policy_engine.py:19: error: Function is missing a type annotation  [no-untyped-def]
backend/security/safe_ai_policy_engine.py:20: error: Call to untyped function "load_policies" in typed context  [no-untyped-call]
backend/security/safe_ai_policy_engine.py:31: error: Call to untyped function "log_audit" in typed context  [no-untyped-call]
backend/security/safe_ai_policy_engine.py:38: error: Call to untyped function "log_audit" in typed context  [no-untyped-call]
backend/security/safe_ai_policy_engine.py:42: error: Function is missing a type annotation  [no-untyped-def]
backend/security/rate_limiting.py:16: error: Need type annotation for "_counters"  [var-annotated]
backend/security/rate_limiting.py:28: error: Returning Any from function declared to return "bool"  [no-any-return]
backend/security/quantum_safe_crypto.py:13: error: Missing type parameters for generic type "dict"  [type-arg]
backend/security/integrity_monitor.py:33: error: Missing type parameters for generic type "dict"  [type-arg]
backend/security/gdpr_ccpa_exports.py:21: error: Missing type parameters for generic type "dict"  [type-arg]
backend/security/email_security.py:17: error: Missing type parameters for generic type "dict"  [type-arg]
backend/security/db_tls_config.py:19: error: Missing type parameters for generic type "dict"  [type-arg]
backend/security/code_obfuscation.py:22: error: Missing type parameters for generic type "list"  [type-arg]
backend/security/beginner_mistake_protections.py:26: error: Missing type parameters for generic type "dict"  [type-arg]
backend/security/beginner_mistake_protections.py:30: error: Call to untyped function (unknown) in typed context  [no-untyped-call]
backend/security/api_token_rotation.py:22: error: Function is missing a return type annotation  [no-untyped-def]
backend/security/ai_guardrail_layer.py:24: error: Missing type parameters for generic type "list"  [type-arg]
backend/compliance/sla_tracker.py:23: error: Function is missing a return type annotation  [no-untyped-def]
backend/compliance/sla_tracker.py:46: error: Call to untyped function "log_sla_audit" in typed context  [no-untyped-call]
backend/compliance/sla_tracker.py:65: error: Function is missing a type annotation  [no-untyped-def]
backend/compliance/reviewer_assignment.py:18: error: Function is missing a return type annotation  [no-untyped-def]
backend/compliance/reviewer_assignment.py:25: error: Function is missing a type annotation  [no-untyped-def]
backend/compliance/reviewer_assignment.py:26: error: Call to untyped function "load_reviewers" in typed context  [no-untyped-call]
backend/compliance/reviewer_assignment.py:42: error: Function is missing a return type annotation  [no-untyped-def]
backend/compliance/reviewer_assignment.py:50: error: Call to untyped function "assign_reviewer" in typed context  [no-untyped-call]
backend/compliance/reviewer_assignment.py:68: error: Function is missing a return type annotation  [no-untyped-def]
backend/compliance/reviewer_assignment.py:75: error: Need type annotation for "stats"  [var-annotated]
backend/compliance/reviewer_assignment.py:84: error: Unsupported operand types for + ("object" and "int")  [operator]
backend/compliance/reviewer_assignment.py:86: error: Unsupported operand types for + ("object" and "int")  [operator]
backend/compliance/reviewer_assignment.py:88: error: Unsupported operand types for + ("object" and "int")  [operator]
backend/compliance/reviewer_assignment.py:91: error: Unsupported operand types for < ("int" and "object")  [operator]
backend/compliance/reviewer_assignment.py:92: error: "object" has no attribute "append"  [attr-defined]
backend/compliance/reviewer_assignment.py:93: error: Unsupported operand types for < ("int" and "object")  [operator]
backend/compliance/reviewer_assignment.py:94: error: "object" has no attribute "append"  [attr-defined]
backend/compliance/report_exporter.py:17: error: Function is missing a type annotation  [no-untyped-def]
backend/compliance/report_exporter.py:23: error: Function is missing a type annotation  [no-untyped-def]
backend/compliance/report_exporter.py:42: error: Function is missing a type annotation  [no-untyped-def]
backend/compliance/report_exporter.py:75: error: Call to untyped function "mask_reviewer_id" in typed context  [no-untyped-call]
backend/compliance/report_exporter.py:83: error: Function is missing a type annotation  [no-untyped-def]
backend/compliance/report_exporter.py:105: error: Call to untyped function "mask_reviewer_id" in typed context  [no-untyped-call]
backend/compliance/remediation_engine.py:20: error: Function is missing a type annotation  [no-untyped-def]
backend/compliance/remediation_engine.py:27: error: Function is missing a type annotation  [no-untyped-def]
backend/compliance/remediation_engine.py:37: error: Call to untyped function "suggest_remediation" in typed context  [no-untyped-call]
backend/compliance/remediation_engine.py:63: error: Function is missing a type annotation  [no-untyped-def]
backend/audit/test_coverage_audit.py:31: error: Missing type parameters for generic type "dict"  [type-arg]
backend/audit/security_privacy_audit.py:24: error: Missing type parameters for generic type "list"  [type-arg]
backend/audit/safe_ai_self_test.py:13: error: Function is missing a return type annotation  [no-untyped-def]
backend/audit/safe_ai_self_test.py:47: error: Incompatible types in assignment (expression has type "dict[str, str]", target has type "bool")  [assignment]
backend/audit/safe_ai_self_test.py:54: error: Function is missing a type annotation  [no-untyped-def]
backend/audit/safe_ai_self_test.py:77: error: Call to untyped function "run_safe_ai_self_test" in typed context  [no-untyped-call]
backend/audit/safe_ai_self_test.py:117: error: Call to untyped function "export_safe_ai_self_test_results" in typed context  [no-untyped-call]
backend/audit/partner_api_stubs.py:11: error: Missing type parameters for generic type "dict"  [type-arg]
backend/audit/partner_api_stubs.py:21: error: Missing type parameters for generic type "dict"  [type-arg]
backend/audit/full_safe_ai_compliance_audit.py:34: error: Missing type parameters for generic type "dict"  [type-arg]
backend/audit/full_safe_ai_compliance_audit.py:45: error: Missing type parameters for generic type "dict"  [type-arg]
backend/audit/export_audit_trail.py:18: error: Function is missing a return type annotation  [no-untyped-def]
backend/audit/export_audit_trail.py:30: error: Function is missing a return type annotation  [no-untyped-def]
backend/audit/audit_logger.py:10: error: Function is missing a type annotation  [no-untyped-def]
backend/ai_tools/visual_balance_checker.py:16: error: Function is missing a type annotation  [no-untyped-def]
backend/ai_tools/visual_balance_checker.py:20: error: Function is missing a type annotation  [no-untyped-def]
backend/ai_tools/visual_balance_checker.py:27: error: Function is missing a type annotation  [no-untyped-def]
backend/ai_tools/visual_balance_checker.py:29: error: Name "parse_threat_feed" is not defined  [name-defined]
backend/ai_tools/visual_balance_checker.py:31: error: Name "anchor_license_hash" is not defined  [name-defined]
backend/ai_tools/visual_balance_checker.py:33: error: Name "zero_knowledge_export" is not defined  [name-defined]
backend/ai_tools/visual_balance_checker.py:35: error: Name "schedule_backup" is not defined  [name-defined]
backend/ai_tools/visual_balance_checker.py:37: error: Call to untyped function "export_compliance_manifest" in typed context  [no-untyped-call]
backend/ai_tools/visual_balance_checker.py:41: error: Call to untyped function "detect_signals" in typed context  [no-untyped-call]
backend/ai_tools/typo_grammar_checker.py:17: error: Function is missing a type annotation  [no-untyped-def]
backend/ai_tools/typo_grammar_checker.py:21: error: Function is missing a type annotation  [no-untyped-def]
backend/ai_tools/typo_grammar_checker.py:25: error: Function is missing a type annotation  [no-untyped-def]
backend/ai_tools/typo_grammar_checker.py:29: error: Function is missing a type annotation  [no-untyped-def]
backend/ai_tools/typo_grammar_checker.py:33: error: Function is missing a type annotation  [no-untyped-def]
backend/ai_tools/typo_grammar_checker.py:37: error: Function is missing a type annotation  [no-untyped-def]
backend/ai_tools/typo_grammar_checker.py:51: error: Missing type parameters for generic type "list"  [type-arg]
backend/ai_tools/typo_grammar_checker.py:53: error: Call to untyped function "parse_threat_feed" in typed context  [no-untyped-call]
backend/ai_tools/typo_grammar_checker.py:55: error: Call to untyped function "anchor_license_hash" in typed context  [no-untyped-call]
backend/ai_tools/typo_grammar_checker.py:57: error: Call to untyped function "zero_knowledge_export" in typed context  [no-untyped-call]
backend/ai_tools/typo_grammar_checker.py:59: error: Call to untyped function "schedule_backup" in typed context  [no-untyped-call]
backend/ai_tools/typo_grammar_checker.py:61: error: Call to untyped function "export_compliance_manifest" in typed context  [no-untyped-call]
backend/ai_tools/typo_grammar_checker.py:65: error: Call to untyped function "detect_signals" in typed context  [no-untyped-call]
backend/ai_tools/tone_voice_matcher.py:16: error: Function is missing a type annotation  [no-untyped-def]
backend/ai_tools/tone_voice_matcher.py:20: error: Function is missing a type annotation  [no-untyped-def]
backend/ai_tools/tone_voice_matcher.py:24: error: Function is missing a type annotation  [no-untyped-def]
backend/ai_tools/tone_voice_matcher.py:28: error: Function is missing a type annotation  [no-untyped-def]
backend/ai_tools/tone_voice_matcher.py:32: error: Function is missing a type annotation  [no-untyped-def]
backend/ai_tools/tone_voice_matcher.py:36: error: Function is missing a type annotation  [no-untyped-def]
backend/ai_tools/tone_voice_matcher.py:43: error: Function is missing a type annotation  [no-untyped-def]
backend/ai_tools/tone_voice_matcher.py:45: error: Call to untyped function "parse_threat_feed" in typed context  [no-untyped-call]
backend/ai_tools/tone_voice_matcher.py:47: error: Call to untyped function "anchor_license_hash" in typed context  [no-untyped-call]
backend/ai_tools/tone_voice_matcher.py:49: error: Call to untyped function "zero_knowledge_export" in typed context  [no-untyped-call]
backend/ai_tools/tone_voice_matcher.py:51: error: Call to untyped function "schedule_backup" in typed context  [no-untyped-call]
backend/ai_tools/tone_voice_matcher.py:53: error: Call to untyped function "export_compliance_manifest" in typed context  [no-untyped-call]
backend/ai_tools/tone_voice_matcher.py:57: error: Call to untyped function "detect_signals" in typed context  [no-untyped-call]
backend/ai_tools/refund_risk_flagger.py:13: error: Missing type parameters for generic type "dict"  [type-arg]
backend/ai_tools/refund_risk_flagger.py:52: error: Function is missing a return type annotation  [no-untyped-def]
backend/ai_tools/refund_risk_flagger.py:57: error: Function is missing a return type annotation  [no-untyped-def]
backend/ai_tools/content_scoper.py:81: error: Function is missing a return type annotation  [no-untyped-def]
backend/ai_tools/content_scoper.py:81: note: Use "-> None" if function does not return a value
backend/ai_tools/content_scoper.py:101: error: Argument 1 to "detect_signals" has incompatible type "dict[str, str]"; expected "list[SaleRecord]"  [arg-type]
backend/ai_tools/content_scoper.py:174: error: Function is missing a return type annotation  [no-untyped-def]
backend/ai_tools/content_scoper.py:185: error: Call to untyped function "ContentScoper" in typed context  [no-untyped-call]
backend/ai_tools/asset_health_checker.py:17: error: Function is missing a type annotation  [no-untyped-def]
backend/ai_tools/asset_health_checker.py:21: error: Function is missing a type annotation  [no-untyped-def]
backend/ai_tools/asset_health_checker.py:25: error: Function is missing a type annotation  [no-untyped-def]
backend/ai_tools/asset_health_checker.py:29: error: Function is missing a type annotation  [no-untyped-def]
backend/ai_tools/asset_health_checker.py:33: error: Function is missing a type annotation  [no-untyped-def]
backend/ai_tools/asset_health_checker.py:37: error: Function is missing a type annotation  [no-untyped-def]
backend/ai_tools/asset_health_checker.py:41: error: Missing type parameters for generic type "dict"  [type-arg]
backend/ai_tools/asset_health_checker.py:43: error: Call to untyped function "parse_threat_feed" in typed context  [no-untyped-call]
backend/ai_tools/asset_health_checker.py:45: error: Call to untyped function "anchor_license_hash" in typed context  [no-untyped-call]
backend/ai_tools/asset_health_checker.py:47: error: Call to untyped function "zero_knowledge_export" in typed context  [no-untyped-call]
backend/ai_tools/asset_health_checker.py:49: error: Call to untyped function "schedule_backup" in typed context  [no-untyped-call]
backend/ai_tools/asset_health_checker.py:51: error: Call to untyped function "export_compliance_manifest" in typed context  [no-untyped-call]
backend/ai_tools/asset_health_checker.py:55: error: Call to untyped function "detect_signals" in typed context  [no-untyped-call]
backend/ai/reviewer_routing.py:12: error: Function is missing a type annotation  [no-untyped-def]
backend/ai/reviewer_routing.py:35: error: Function is missing a type annotation  [no-untyped-def]
backend/ai/reviewer_routing.py:41: error: Need type annotation for "exclude" (hint: "exclude: List[<type>] = ...")  [var-annotated]
backend/ai/reviewer_routing.py:43: error: Call to untyped function "route_reviewer" in typed context  [no-untyped-call]
backend/ai/reviewer_analytics.py:13: error: Function is missing a return type annotation  [no-untyped-def]
backend/ai/reviewer_analytics.py:14: error: Need type annotation for "stats"  [var-annotated]
backend/ai/reviewer_analytics.py:24: error: Unsupported operand types for + ("None" and "int")  [operator]
backend/ai/reviewer_analytics.py:24: note: Left operand is of type "int | None"
backend/ai/reviewer_analytics.py:28: error: Unsupported operand types for + ("None" and "int")  [operator]
backend/ai/reviewer_analytics.py:28: note: Left operand is of type "int | None"
backend/ai/reviewer_analytics.py:37: error: Unsupported operand types for + ("None" and "int")  [operator]
backend/ai/reviewer_analytics.py:37: note: Left operand is of type "int | None"
backend/ai/remediation_workflow.py:13: error: Function is missing a type annotation  [no-untyped-def]
backend/ai/remediation_workflow.py:39: error: Function is missing a type annotation  [no-untyped-def]
backend/ai/remediation_workflow.py:59: error: Function is missing a return type annotation  [no-untyped-def]
backend/ai/remediation_recommender.py:21: error: Function is missing a return type annotation  [no-untyped-def]
backend/ai/policy_recommender.py:20: error: Function is missing a return type annotation  [no-untyped-def]
backend/ai/policy_recommender.py:34: error: Argument 1 to "detect_signals" has incompatible type "dict[str, dict[<nothing>, <nothing>]]"; expected "list[SaleRecord]"  [arg-type]
backend/ai/policy_mapping.py:24: error: Function is missing a return type annotation  [no-untyped-def]
backend/ai/compliance_gap.py:11: error: Function is missing a return type annotation  [no-untyped-def]
backend/ai/anomaly_root_cause.py:35: error: Argument 1 to "detect_signals" has incompatible type "dict[str, dict[str, Any]]"; expected "list[SaleRecord]"  [arg-type]
backend/ai/anomaly_root_cause.py:46: error: Value of type "Any | None" is not indexable  [index]
backend/ai/anomaly_root_cause.py:92: error: Name "analyze_anomaly" is not defined  [name-defined]
autonomy/vaults/filename_sanitizer.py:48: error: Incompatible default for argument "metadata_path" (default has type "None", argument has type "str")  [assignment]
autonomy/vaults/filename_sanitizer.py:48: note: PEP 484 prohibits implicit Optional. Accordingly, mypy has changed its default to no_implicit_optional=True
autonomy/vaults/filename_sanitizer.py:48: note: Use https://github.com/hauntsaninja/no_implicit_optional to automatically upgrade your codebase
autonomy/vault/vault_event_triggers.py:15: error: Function is missing a type annotation  [no-untyped-def]
autonomy/vault/vault_event_triggers.py:28: error: Function is missing a type annotation  [no-untyped-def]
autonomy/vault/vault_event_triggers.py:42: error: Call to untyped function "on_vault_created" in typed context  [no-untyped-call]
autonomy/vault/vault_event_triggers.py:43: error: Call to untyped function "on_vault_updated" in typed context  [no-untyped-call]
autonomy/vault/vault_event_hooks.py:17: error: Function is missing a type annotation  [no-untyped-def]
autonomy/vault/vault_event_hooks.py:30: error: Function is missing a type annotation  [no-untyped-def]
autonomy/vault/vault_event_hooks.py:31: error: Call to untyped function "log_event" in typed context  [no-untyped-call]
autonomy/vault/vault_event_hooks.py:34: error: Function is missing a type annotation  [no-untyped-def]
autonomy/vault/vault_event_hooks.py:35: error: Call to untyped function "log_event" in typed context  [no-untyped-call]
autonomy/vault/vault_event_hooks.py:38: error: Function is missing a type annotation  [no-untyped-def]
autonomy/vault/vault_event_hooks.py:39: error: Call to untyped function "log_event" in typed context  [no-untyped-call]
autonomy/vault/vault_event_hooks.py:42: error: Function is missing a type annotation  [no-untyped-def]
autonomy/vault/vault_event_hooks.py:43: error: Call to untyped function "log_event" in typed context  [no-untyped-call]
autonomy/vault/vault_event_hooks.py:46: error: Function is missing a type annotation  [no-untyped-def]
autonomy/vault/vault_event_hooks.py:47: error: Call to untyped function "log_event" in typed context  [no-untyped-call]
autonomy/vault/vault_event_hooks.py:50: error: Function is missing a type annotation  [no-untyped-def]
autonomy/vault/vault_event_hooks.py:51: error: Call to untyped function "log_event" in typed context  [no-untyped-call]
autonomy/vault/vault_activity_log.py:15: error: Function is missing a type annotation  [no-untyped-def]
autonomy/vault/retry_safe_hooks.py:15: error: Function is missing a type annotation  [no-untyped-def]
autonomy/vault/retry_safe_hooks.py:20: error: Function is missing a type annotation  [no-untyped-def]
autonomy/vault/retry_safe_hooks.py:22: error: Function is missing a type annotation  [no-untyped-def]
autonomy/vault/performance_monitor.py:17: error: Function is missing a type annotation  [no-untyped-def]
autonomy/vault/ai_ux_tuner.py:19: error: Function is missing a type annotation  [no-untyped-def]
autonomy/vault/ai_spellcheck_grammar.py:20: error: Function is missing a type annotation  [no-untyped-def]
autonomy/vault/ai_name_reformatter.py:22: error: Function is missing a type annotation  [no-untyped-def]
autonomy/vault/ai_audit_bot.py:13: error: Function is missing a type annotation  [no-untyped-def]
autonomy/vault/ai_anomaly_detector.py:19: error: Function is missing a type annotation  [no-untyped-def]
autonomy/showcase/value_score_engine.py:12: error: Function is missing a type annotation  [no-untyped-def]
autonomy/showcase/value_score_engine.py:32: error: Missing type parameters for generic type "dict"  [type-arg]
autonomy/showcase/value_score_engine.py:32: error: Missing type parameters for generic type "list"  [type-arg]
autonomy/showcase/value_score_engine.py:32: error: Incompatible default for argument "owner_override" (default has type "None", argument has type "int")  [assignment]
autonomy/showcase/value_score_engine.py:32: note: PEP 484 prohibits implicit Optional. Accordingly, mypy has changed its default to no_implicit_optional=True
autonomy/showcase/value_score_engine.py:32: note: Use https://github.com/hauntsaninja/no_implicit_optional to automatically upgrade your codebase
autonomy/showcase/value_score_engine.py:40: error: Call to untyped function "audit_log" in typed context  [no-untyped-call]
autonomy/showcase/value_score_engine.py:63: error: Function is missing a return type annotation  [no-untyped-def]
autonomy/showcase/value_score_engine.py:73: error: Call to untyped function "audit_log" in typed context  [no-untyped-call]
autonomy/showcase/testimonial_engine.py:23: error: Function is missing a type annotation  [no-untyped-def]
autonomy/showcase/testimonial_engine.py:40: error: Missing type parameters for generic type "dict"  [type-arg]
autonomy/showcase/testimonial_engine.py:40: error: Incompatible default for argument "owner_override" (default has type "None", argument has type "list[dict[Any, Any]]")  [assignment]
autonomy/showcase/testimonial_engine.py:40: note: PEP 484 prohibits implicit Optional. Accordingly, mypy has changed its default to no_implicit_optional=True
autonomy/showcase/testimonial_engine.py:40: note: Use https://github.com/hauntsaninja/no_implicit_optional to automatically upgrade your codebase
autonomy/showcase/testimonial_engine.py:41: error: Missing type parameters for generic type "dict"  [type-arg]
autonomy/showcase/testimonial_engine.py:61: error: Call to untyped function "audit_log" in typed context  [no-untyped-call]
autonomy/showcase/testimonial_engine.py:72: error: Call to untyped function "audit_log" in typed context  [no-untyped-call]
autonomy/showcase/testimonial_engine.py:82: error: Function is missing a return type annotation  [no-untyped-def]
autonomy/showcase/testimonial_engine.py:82: error: Missing type parameters for generic type "dict"  [type-arg]
autonomy/showcase/testimonial_engine.py:92: error: Call to untyped function "audit_log" in typed context  [no-untyped-call]
autonomy/showcase/screenshot_engine.py:14: error: Function is missing a type annotation  [no-untyped-def]
autonomy/showcase/screenshot_engine.py:22: error: Name "json" is not defined  [name-defined]
autonomy/showcase/screenshot_engine.py:27: error: Name "json" is not defined  [name-defined]
autonomy/showcase/screenshot_engine.py:34: error: Incompatible default for argument "owner_override" (default has type "None", argument has type "list[str]")  [assignment]
autonomy/showcase/screenshot_engine.py:34: note: PEP 484 prohibits implicit Optional. Accordingly, mypy has changed its default to no_implicit_optional=True
autonomy/showcase/screenshot_engine.py:34: note: Use https://github.com/hauntsaninja/no_implicit_optional to automatically upgrade your codebase
autonomy/showcase/screenshot_engine.py:46: error: Call to untyped function "audit_log" in typed context  [no-untyped-call]
autonomy/showcase/screenshot_engine.py:57: error: Call to untyped function "audit_log" in typed context  [no-untyped-call]
autonomy/showcase/review_engine.py:12: error: Function is missing a type annotation  [no-untyped-def]
autonomy/showcase/review_engine.py:30: error: Missing type parameters for generic type "dict"  [type-arg]
autonomy/showcase/review_engine.py:30: error: Incompatible default for argument "owner_override" (default has type "None", argument has type "dict[Any, Any]")  [assignment]
autonomy/showcase/review_engine.py:30: note: PEP 484 prohibits implicit Optional. Accordingly, mypy has changed its default to no_implicit_optional=True
autonomy/showcase/review_engine.py:30: note: Use https://github.com/hauntsaninja/no_implicit_optional to automatically upgrade your codebase
autonomy/showcase/review_engine.py:31: error: Missing type parameters for generic type "dict"  [type-arg]
autonomy/showcase/review_engine.py:38: error: Call to untyped function "audit_log" in typed context  [no-untyped-call]
autonomy/showcase/review_engine.py:54: error: Call to untyped function "audit_log" in typed context  [no-untyped-call]
autonomy/showcase/review_engine.py:70: error: Function is missing a return type annotation  [no-untyped-def]
autonomy/showcase/review_engine.py:70: error: Missing type parameters for generic type "dict"  [type-arg]
autonomy/showcase/review_engine.py:80: error: Call to untyped function "audit_log" in typed context  [no-untyped-call]
autonomy/showcase/outline_engine.py:17: error: Function is missing a type annotation  [no-untyped-def]
autonomy/showcase/outline_engine.py:34: error: Incompatible default for argument "owner_override" (default has type "None", argument has type "list[str]")  [assignment]
autonomy/showcase/outline_engine.py:34: note: PEP 484 prohibits implicit Optional. Accordingly, mypy has changed its default to no_implicit_optional=True
autonomy/showcase/outline_engine.py:34: note: Use https://github.com/hauntsaninja/no_implicit_optional to automatically upgrade your codebase
autonomy/showcase/outline_engine.py:44: error: Call to untyped function "audit_log" in typed context  [no-untyped-call]
autonomy/showcase/outline_engine.py:65: error: Call to untyped function "audit_log" in typed context  [no-untyped-call]
autonomy/showcase/outline_engine.py:75: error: Function is missing a return type annotation  [no-untyped-def]
autonomy/showcase/outline_engine.py:85: error: Call to untyped function "audit_log" in typed context  [no-untyped-call]
autonomy/showcase/benefit_engine.py:13: error: Function is missing a type annotation  [no-untyped-def]
autonomy/showcase/benefit_engine.py:31: error: Incompatible default for argument "owner_override" (default has type "None", argument has type "list[str]")  [assignment]
autonomy/showcase/benefit_engine.py:31: note: PEP 484 prohibits implicit Optional. Accordingly, mypy has changed its default to no_implicit_optional=True
autonomy/showcase/benefit_engine.py:31: note: Use https://github.com/hauntsaninja/no_implicit_optional to automatically upgrade your codebase
autonomy/showcase/benefit_engine.py:47: error: Call to untyped function "audit_log" in typed context  [no-untyped-call]
autonomy/showcase/benefit_engine.py:52: error: Call to untyped function "audit_log" in typed context  [no-untyped-call]
autonomy/showcase/benefit_engine.py:63: error: Incompatible default for argument "owner_override" (default has type "None", argument has type "str")  [assignment]
autonomy/showcase/benefit_engine.py:63: note: PEP 484 prohibits implicit Optional. Accordingly, mypy has changed its default to no_implicit_optional=True
autonomy/showcase/benefit_engine.py:63: note: Use https://github.com/hauntsaninja/no_implicit_optional to automatically upgrade your codebase
autonomy/showcase/benefit_engine.py:70: error: Call to untyped function "audit_log" in typed context  [no-untyped-call]
autonomy/showcase/benefit_engine.py:73: error: Call to untyped function "audit_log" in typed context  [no-untyped-call]
autonomy/showcase/benefit_engine.py:80: error: Function is missing a return type annotation  [no-untyped-def]
autonomy/showcase/benefit_engine.py:91: error: Call to untyped function "audit_log" in typed context  [no-untyped-call]
autonomy/security/data_integrity_scanner.py:13: error: Function is missing a type annotation  [no-untyped-def]
autonomy/security/data_integrity_scanner.py:40: error: Call to untyped function "scan_directory_for_integrity" in typed context  [no-untyped-call]
autonomy/security/ai_safety_layer.py:184: error: Function is missing a type annotation  [no-untyped-def]
autonomy/security/ai_safety_layer.py:206: error: Function is missing a type annotation  [no-untyped-def]
autonomy/security/ai_safety_layer.py:222: error: Call to untyped function "anti_static_guard" in typed context  [no-untyped-call]
autonomy/security/ai_safety_layer.py:223: error: Call to untyped function "prompt_inspector" in typed context  [no-untyped-call]
autonomy/security/admin_compliance_override_log.py:18: error: Function is missing a type annotation  [no-untyped-def]
autonomy/reliability/cold_start_minimizer.py:13: error: Function is missing a type annotation  [no-untyped-def]
autonomy/reliability/cold_start_minimizer.py:32: error: Call to untyped function "preload_ai_models" in typed context  [no-untyped-call]
autonomy/reliability/auto_recovery.py:12: error: Function is missing a type annotation  [no-untyped-def]
autonomy/reliability/auto_recovery.py:24: error: Function is missing a return type annotation  [no-untyped-def]
autonomy/reliability/auto_recovery.py:38: error: Call to untyped function "record_failed_job" in typed context  [no-untyped-call]
autonomy/reliability/auto_recovery.py:39: error: Call to untyped function "recover_failed_jobs" in typed context  [no-untyped-call]
autonomy/quality/vocabulary_scope_limiter.py:23: error: Function is missing a type annotation  [no-untyped-def]
autonomy/quality/vocabulary_scope_limiter.py:38: error: Call to untyped function "check_vocabulary_scope" in typed context  [no-untyped-call]
autonomy/quality/style_voice_tuner.py:20: error: Function is missing a type annotation  [no-untyped-def]
autonomy/quality/style_voice_tuner.py:41: error: Call to untyped function "tune_output_style" in typed context  [no-untyped-call]
autonomy/quality/prompt_fingerprinting.py:14: error: Function is missing a type annotation  [no-untyped-def]
autonomy/quality/prompt_fingerprinting.py:32: error: Call to untyped function "fingerprint_prompt" in typed context  [no-untyped-call]
autonomy/post_sale_hooks/hook_metrics.py:14: error: Function is missing a return type annotation  [no-untyped-def]
autonomy/post_sale_hooks/hook_metrics.py:15: error: Need type annotation for "metrics"  [var-annotated]
autonomy/post_sale_hooks/hook_metrics.py:26: error: Call to untyped function "load" in typed context  [no-untyped-call]
autonomy/post_sale_hooks/hook_metrics.py:28: error: Function is missing a type annotation  [no-untyped-def]
autonomy/post_sale_hooks/hook_metrics.py:41: error: Unsupported operand types for + ("object" and "int")  [operator]
autonomy/post_sale_hooks/hook_metrics.py:43: error: Unsupported operand types for + ("object" and "int")  [operator]
autonomy/post_sale_hooks/hook_metrics.py:46: error: Unsupported operand types for + ("object" and "int")  [operator]
autonomy/post_sale_hooks/hook_metrics.py:48: error: Unsupported operand types for + ("object" and "int")  [operator]
autonomy/post_sale_hooks/hook_metrics.py:50: error: Unsupported operand types for + ("object" and "int")  [operator]
autonomy/post_sale_hooks/hook_metrics.py:52: error: "object" has no attribute "appendleft"  [attr-defined]
autonomy/post_sale_hooks/hook_metrics.py:53: error: Call to untyped function "save" in typed context  [no-untyped-call]
autonomy/post_sale_hooks/hook_metrics.py:55: error: Function is missing a return type annotation  [no-untyped-def]
autonomy/post_sale_hooks/hook_metrics.py:59: error: Unsupported left operand type for + ("object")  [operator]
autonomy/post_sale_hooks/hook_metrics.py:68: error: No overload variant of "list" matches argument type "object"  [call-overload]
autonomy/post_sale_hooks/hook_metrics.py:68: note: Possible overload variants:
autonomy/post_sale_hooks/hook_metrics.py:68: note:     def [_T] list(self) -> list[_T]
autonomy/post_sale_hooks/hook_metrics.py:68: note:     def [_T] list(self, Iterable[_T], /) -> list[_T]
autonomy/post_sale_hooks/hook_metrics.py:72: error: Function is missing a return type annotation  [no-untyped-def]
autonomy/post_sale_hooks/hook_metrics.py:72: note: Use "-> None" if function does not return a value
autonomy/post_sale_hooks/hook_metrics.py:75: error: Call to untyped function "get_metrics" in typed context  [no-untyped-call]
autonomy/post_sale_hooks/hook_metrics.py:79: error: Function is missing a return type annotation  [no-untyped-def]
autonomy/post_sale_hooks/hook_metrics.py:79: note: Use "-> None" if function does not return a value
autonomy/post_sale_hooks/hook_metrics.py:93: error: Call to untyped function "HookMetrics" in typed context  [no-untyped-call]
autonomy/post_sale_hooks/delivery_health_monitor.py:12: error: Function is missing a type annotation  [no-untyped-def]
autonomy/post_sale_hooks/delivery_health_monitor.py:29: error: Call to untyped function "monitor_webhook_health" in typed context  [no-untyped-call]
autonomy/post_sale_hooks/delivery_health_monitor.py:30: error: Call to untyped function "monitor_webhook_health" in typed context  [no-untyped-call]
autonomy/notifications/twilio_sms.py:18: error: Function is missing a type annotation  [no-untyped-def]
autonomy/notifications/opt_in_alerts.py:7: error: Need type annotation for "_subscriptions" (hint: "_subscriptions: Dict[<type>, <type>] = ...")  [var-annotated]
autonomy/notifications/opt_in_alerts.py:10: error: Function is missing a type annotation  [no-untyped-def]
autonomy/notifications/opt_in_alerts.py:20: error: Function is missing a type annotation  [no-untyped-def]
autonomy/monitoring/webhook_latency_monitor.py:11: error: Function is missing a type annotation  [no-untyped-def]
autonomy/monitoring/webhook_latency_monitor.py:24: error: Call to untyped function "log_webhook_latency" in typed context  [no-untyped-call]
autonomy/monitoring/webhook_latency_monitor.py:25: error: Call to untyped function "log_webhook_latency" in typed context  [no-untyped-call]
autonomy/monitoring/safeguard_monitor.py:20: error: Function is missing a return type annotation  [no-untyped-def]
autonomy/monitoring/safeguard_monitor.py:40: error: Call to untyped function "check_safeguards" in typed context  [no-untyped-call]
autonomy/legal/scheduled_reexport.py:5: error: Function is missing a type annotation  [no-untyped-def]
autonomy/legal/policy_diff.py:23: error: Function is missing a return type annotation  [no-untyped-def]
autonomy/legal/policy_audit.py:18: error: Function is missing a type annotation  [no-untyped-def]
autonomy/legal/policy_audit.py:26: error: Function is missing a return type annotation  [no-untyped-def]
autonomy/legal/policy_audit.py:36: error: Call to untyped function "compute_file_hash" in typed context  [no-untyped-call]
autonomy/intent/owner_intent_engine.py:10: error: Need type annotation for "_history" (hint: "_history: List[<type>] = ...")  [var-annotated]
autonomy/intent/owner_intent_engine.py:13: error: Function is missing a type annotation  [no-untyped-def]
autonomy/intent/owner_intent_engine.py:25: error: Function is missing a return type annotation  [no-untyped-def]
autonomy/intent/owner_intent_engine.py:29: error: Function is missing a type annotation  [no-untyped-def]
autonomy/intent/owner_intent_engine.py:39: error: Function is missing a return type annotation  [no-untyped-def]
autonomy/integrations/xbrl_export.py:11: error: Function is missing a type annotation  [no-untyped-def]
autonomy/integrations/stripe_sync.py:11: error: Function is missing a type annotation  [no-untyped-def]
autonomy/integrations/notion_sync.py:11: error: Function is missing a type annotation  [no-untyped-def]
autonomy/integrations/gumroad_sync.py:11: error: Function is missing a type annotation  [no-untyped-def]
autonomy/integrations/gumroad_refund_optimizer.py:14: error: Function is missing a type annotation  [no-untyped-def]
autonomy/integrations/gumroad_refund_optimizer.py:37: error: Call to untyped function "suggest_refund_action" in typed context  [no-untyped-call]
autonomy/integrations/csv_bulk_import_export.py:15: error: Function is missing a type annotation  [no-untyped-def]
autonomy/integrations/csv_bulk_import_export.py:29: error: Function is missing a type annotation  [no-untyped-def]
autonomy/integrations/csv_bulk_import_export.py:44: error: Call to untyped function "export_to_csv" in typed context  [no-untyped-call]
autonomy/integrations/csv_bulk_import_export.py:45: error: Call to untyped function "import_from_csv" in typed context  [no-untyped-call]
autonomy/integrations/crm_sync.py:11: error: Function is missing a type annotation  [no-untyped-def]
autonomy/integrations/analytics_reporting.py:13: error: Function is missing a type annotation  [no-untyped-def]
autonomy/engine/auto_variant_generator.py:13: error: Function is missing a type annotation  [no-untyped-def]
autonomy/engine/auto_variant_generator.py:30: error: Call to untyped function "generate_variants" in typed context  [no-untyped-call]
autonomy/engine/audit_timestamp_injection.py:13: error: Function is missing a type annotation  [no-untyped-def]
autonomy/engine/audit_timestamp_injection.py:23: error: Call to untyped function "inject_audit_timestamp" in typed context  [no-untyped-call]
autonomy/customer/welcome_back_banner.py:17: error: Function is missing a type annotation  [no-untyped-def]
autonomy/customer/welcome_back_banner.py:30: error: Call to untyped function "get_welcome_back_banner" in typed context  [no-untyped-call]
autonomy/customer/personalized_thankyou.py:19: error: Function is missing a type annotation  [no-untyped-def]
autonomy/customer/personalized_thankyou.py:34: error: Call to untyped function "generate_thankyou" in typed context  [no-untyped-call]
autonomy/customer/milestone_engine.py:17: error: Function is missing a type annotation  [no-untyped-def]
autonomy/customer/milestone_engine.py:30: error: Call to untyped function "check_milestones" in typed context  [no-untyped-call]
autonomy/compliance/workflow_engine.py:17: error: Function is missing a type annotation  [no-untyped-def]
autonomy/compliance/verification_log.py:21: error: Function is missing a return type annotation  [no-untyped-def]
autonomy/compliance/verification_log.py:22: error: Call to untyped function "run_lockout_tests" in typed context  [no-untyped-call]
autonomy/compliance/tax_engine.py:29: error: Function is missing a type annotation  [no-untyped-def]
autonomy/compliance/tax_engine.py:43: error: Call to untyped function "_audit_log" in typed context  [no-untyped-call]
autonomy/compliance/tax_engine.py:57: error: Function is missing a type annotation  [no-untyped-def]
autonomy/compliance/filing_engine.py:17: error: Function is missing a type annotation  [no-untyped-def]
autonomy/compliance/filing_engine.py:24: error: Function is missing a type annotation  [no-untyped-def]
autonomy/compliance/filing_engine.py:32: error: Call to untyped function "_deterministic_id" in typed context  [no-untyped-call]
autonomy/compliance/filing_engine.py:35: error: Call to untyped function "_deterministic_id" in typed context  [no-untyped-call]
autonomy/compliance/filing_engine.py:38: error: Call to untyped function "_deterministic_id" in typed context  [no-untyped-call]
autonomy/compliance/filing_engine.py:41: error: Call to untyped function "_deterministic_id" in typed context  [no-untyped-call]
autonomy/compliance/filing_engine.py:44: error: Call to untyped function "_deterministic_id" in typed context  [no-untyped-call]
autonomy/compliance/filing_engine.py:47: error: Call to untyped function "_deterministic_id" in typed context  [no-untyped-call]
autonomy/compliance/filing_engine.py:49: error: Call to untyped function "_audit_log" in typed context  [no-untyped-call]
autonomy/compliance/filing_engine.py:61: error: Function is missing a type annotation  [no-untyped-def]
autonomy/compliance/export_engine.py:22: error: Function is missing a type annotation  [no-untyped-def]
autonomy/compliance/export_engine.py:38: error: Function is missing a return type annotation  [no-untyped-def]
autonomy/compliance/export_engine.py:38: error: Function is missing a type annotation for one or more arguments  [no-untyped-def]
autonomy/compliance/export_engine.py:38: error: Missing type parameters for generic type "dict"  [type-arg]
autonomy/compliance/export_engine.py:50: error: Call to untyped function "_audit_export" in typed context  [no-untyped-call]
autonomy/compliance/export_engine.py:53: error: Call to untyped function "_audit_export" in typed context  [no-untyped-call]
autonomy/compliance/export_engine.py:59: error: Function is missing a return type annotation  [no-untyped-def]
autonomy/compliance/export_engine.py:59: error: Function is missing a type annotation for one or more arguments  [no-untyped-def]
autonomy/compliance/export_engine.py:59: error: Missing type parameters for generic type "dict"  [type-arg]
autonomy/compliance/export_engine.py:69: error: Call to untyped function "_audit_export" in typed context  [no-untyped-call]
autonomy/compliance/export_engine.py:72: error: Call to untyped function "_audit_export" in typed context  [no-untyped-call]
autonomy/compliance/export_engine.py:78: error: Function is missing a return type annotation  [no-untyped-def]
autonomy/compliance/export_engine.py:78: error: Function is missing a type annotation for one or more arguments  [no-untyped-def]
autonomy/compliance/export_engine.py:78: error: Missing type parameters for generic type "dict"  [type-arg]
autonomy/compliance/export_engine.py:88: error: Call to untyped function "_audit_export" in typed context  [no-untyped-call]
autonomy/compliance/export_engine.py:91: error: Call to untyped function "_audit_export" in typed context  [no-untyped-call]
autonomy/compliance/export_engine.py:97: error: Name "event_bus" is not defined  [name-defined]
autonomy/compliance/export_engine.py:98: error: Name "EVENT_EXPORT_FAILED" is not defined  [name-defined]
autonomy/compliance/alert_engine.py:17: error: Function is missing a type annotation  [no-untyped-def]
autonomy/automation/automation_queue.py:9: error: Need type annotation for "_queue" (hint: "_queue: List[<type>] = ...")  [var-annotated]
autonomy/automation/automation_queue.py:10: error: Need type annotation for "_history" (hint: "_history: List[<type>] = ...")  [var-annotated]
autonomy/automation/automation_queue.py:13: error: Function is missing a type annotation  [no-untyped-def]
autonomy/automation/automation_queue.py:26: error: Function is missing a return type annotation  [no-untyped-def]
autonomy/automation/automation_queue.py:30: error: Function is missing a return type annotation  [no-untyped-def]
autonomy/automation/automation_queue.py:41: error: Function is missing a type annotation  [no-untyped-def]
autonomy/automation/automation_queue.py:54: error: Function is missing a type annotation  [no-untyped-def]
autonomy/automation/automation_queue.py:67: error: Function is missing a type annotation  [no-untyped-def]
autonomy/automation/automation_queue.py:80: error: Function is missing a return type annotation  [no-untyped-def]
autonomy/automation/automation_enhancements.py:9: error: Need type annotation for "_tags" (hint: "_tags: Dict[<type>, <type>] = ...")  [var-annotated]
autonomy/automation/automation_enhancements.py:11: error: Need type annotation for "_grouping" (hint: "_grouping: Dict[<type>, <type>] = ...")  [var-annotated]
autonomy/automation/automation_enhancements.py:12: error: Need type annotation for "_efficiency_log" (hint: "_efficiency_log: List[<type>] = ...")  [var-annotated]
autonomy/automation/automation_enhancements.py:13: error: Need type annotation for "_ab_test_results" (hint: "_ab_test_results: Dict[<type>, <type>] = ...")  [var-annotated]
autonomy/automation/automation_enhancements.py:14: error: Need type annotation for "_auto_promoted" (hint: "_auto_promoted: Set[<type>] = ...")  [var-annotated]
autonomy/automation/automation_enhancements.py:15: error: Need type annotation for "_auto_launched" (hint: "_auto_launched: Set[<type>] = ...")  [var-annotated]
autonomy/automation/automation_enhancements.py:16: error: Need type annotation for "_outliers" (hint: "_outliers: List[<type>] = ...")  [var-annotated]
autonomy/automation/automation_enhancements.py:19: error: Function is missing a type annotation  [no-untyped-def]
autonomy/automation/automation_enhancements.py:24: error: Function is missing a type annotation  [no-untyped-def]
autonomy/automation/automation_enhancements.py:29: error: Function is missing a type annotation  [no-untyped-def]
autonomy/automation/automation_enhancements.py:33: error: Function is missing a type annotation  [no-untyped-def]
autonomy/automation/automation_enhancements.py:43: error: Function is missing a return type annotation  [no-untyped-def]
autonomy/automation/automation_enhancements.py:51: error: Function is missing a type annotation  [no-untyped-def]
autonomy/automation/automation_enhancements.py:56: error: Function is missing a type annotation  [no-untyped-def]
autonomy/automation/automation_enhancements.py:60: error: Function is missing a type annotation  [no-untyped-def]
autonomy/automation/automation_enhancements.py:64: error: Function is missing a type annotation  [no-untyped-def]
autonomy/automation/automation_enhancements.py:77: error: Function is missing a return type annotation  [no-untyped-def]
autonomy/automation/automation_enhancements.py:81: error: Function is missing a return type annotation  [no-untyped-def]
autonomy/automation/automation_enhancements.py:85: error: Function is missing a return type annotation  [no-untyped-def]
autonomy/audit/audit_trail_vault.py:8: error: Need type annotation for "_log" (hint: "_log: List[<type>] = ...")  [var-annotated]
autonomy/audit/audit_trail_vault.py:9: error: Need type annotation for "_snapshots" (hint: "_snapshots: List[<type>] = ...")  [var-annotated]
autonomy/audit/audit_trail_vault.py:12: error: Function is missing a type annotation  [no-untyped-def]
autonomy/audit/audit_trail_vault.py:22: error: Function is missing a type annotation  [no-untyped-def]
autonomy/audit/audit_trail_vault.py:26: error: Call to untyped function "record" of "AuditTrailVault" in typed context  [no-untyped-call]
autonomy/audit/audit_trail_vault.py:29: error: Function is missing a return type annotation  [no-untyped-def]
autonomy/audit/audit_trail_vault.py:33: error: Function is missing a return type annotation  [no-untyped-def]
autonomy/audit/audit_trail_vault.py:37: error: Function is missing a type annotation  [no-untyped-def]
autonomy/audit/audit_trail_vault.py:39: error: Call to untyped function "record" of "AuditTrailVault" in typed context  [no-untyped-call]
autonomy/analytics/vault_renewal_opportunity_finder.py:7: error: Function is missing a type annotation  [no-untyped-def]
autonomy/analytics/vault_performance.py:17: error: Function is missing a type annotation  [no-untyped-def]
autonomy/analytics/vault_lifecycle_stage_tracker.py:7: error: Function is missing a type annotation  [no-untyped-def]
autonomy/analytics/vault_launch_impact_report.py:15: error: Function is missing a type annotation  [no-untyped-def]
autonomy/analytics/vault_archive_retirement_tracker.py:7: error: Function is missing a type annotation  [no-untyped-def]
autonomy/analytics/vault_advanced_analytics.py:15: error: Function is missing a type annotation  [no-untyped-def]
autonomy/analytics/vault_advanced_analytics.py:25: error: Function is missing a type annotation  [no-untyped-def]
autonomy/analytics/vault_advanced_analytics.py:38: error: Function is missing a type annotation  [no-untyped-def]
autonomy/analytics/vault_advanced_analytics.py:39: error: Need type annotation for "roi" (hint: "roi: Dict[<type>, <type>] = ...")  [var-annotated]
autonomy/analytics/vault_advanced_analytics.py:53: error: Function is missing a type annotation  [no-untyped-def]
autonomy/analytics/vault_advanced_analytics.py:54: error: Need type annotation for "niche_count" (hint: "niche_count: Dict[<type>, <type>] = ...")  [var-annotated]
autonomy/analytics/vault_advanced_analytics.py:68: error: Function is missing a type annotation  [no-untyped-def]
autonomy/analytics/time_to_purchase_metrics.py:7: error: Function is missing a type annotation  [no-untyped-def]
autonomy/analytics/static_vault_repromotion_calendar.py:7: error: Function is missing a type annotation  [no-untyped-def]
autonomy/analytics/static_time_to_purchase_stats.py:7: error: Function is missing a type annotation  [no-untyped-def]
autonomy/analytics/static_compliance_checks.py:25: error: Function is missing a type annotation  [no-untyped-def]
autonomy/analytics/static_compliance_checks.py:27: error: Name "parse_threat_feed" is not defined  [name-defined]
autonomy/analytics/static_compliance_checks.py:29: error: Name "anchor_license_hash" is not defined  [name-defined]
autonomy/analytics/static_compliance_checks.py:31: error: Name "zero_knowledge_export" is not defined  [name-defined]
autonomy/analytics/static_compliance_checks.py:33: error: Name "schedule_backup" is not defined  [name-defined]
autonomy/analytics/static_compliance_checks.py:35: error: Name "export_compliance_manifest" is not defined  [name-defined]
autonomy/analytics/static_compliance_checks.py:39: error: Name "detect_signals" is not defined  [name-defined]
autonomy/analytics/static_compliance_checks.py:42: error: Function is missing a type annotation  [no-untyped-def]
autonomy/analytics/sales_heatmap_by_daytime.py:7: error: Function is missing a type annotation  [no-untyped-def]
autonomy/analytics/sales_heatmap_by_daytime.py:11: error: Need type annotation for "heatmap" (hint: "heatmap: Dict[<type>, <type>] = ...")  [var-annotated]
autonomy/analytics/safe_ai_audit_report.py:78: error: Function is missing a return type annotation  [no-untyped-def]
autonomy/analytics/safe_ai_audit_report.py:109: error: Call to untyped function "generate_report" in typed context  [no-untyped-call]
autonomy/analytics/revenue_tracker.py:16: error: Function is missing a type annotation  [no-untyped-def]
autonomy/analytics/revenue_tracker.py:37: error: "object" has no attribute "setdefault"  [attr-defined]
autonomy/analytics/revenue_tracker.py:38: error: Value of type "object" is not indexable  [index]
autonomy/analytics/revenue_tracker.py:38: error: Unsupported target for indexed assignment ("object")  [index]
autonomy/analytics/revenue_tracker.py:40: error: "object" has no attribute "setdefault"  [attr-defined]
autonomy/analytics/revenue_tracker.py:41: error: Value of type "object" is not indexable  [index]
autonomy/analytics/revenue_tracker.py:41: error: Unsupported target for indexed assignment ("object")  [index]
autonomy/analytics/revenue_tracker.py:49: error: Value of type "object" is not indexable  [index]
autonomy/analytics/revenue_tracker.py:49: error: Unsupported target for indexed assignment ("object")  [index]
autonomy/analytics/revenue_tracker.py:51: error: Value of type "object" is not indexable  [index]
autonomy/analytics/revenue_tracker.py:51: error: Unsupported target for indexed assignment ("object")  [index]
autonomy/analytics/revenue_report_export.py:17: error: Function is missing a type annotation  [no-untyped-def]
autonomy/analytics/revenue_milestone_tracker.py:17: error: Function is missing a type annotation  [no-untyped-def]
autonomy/analytics/refund_ratio_monitor.py:17: error: Function is missing a type annotation  [no-untyped-def]
autonomy/analytics/refund_causality_explorer.py:15: error: Function is missing a type annotation  [no-untyped-def]
autonomy/analytics/refund_causality_explorer.py:38: error: Call to untyped function "explore_refund_causality" in typed context  [no-untyped-call]
autonomy/analytics/profitability_optimizer.py:15: error: Function is missing a type annotation  [no-untyped-def]
autonomy/analytics/profitability_optimizer.py:63: error: Call to untyped function "compute_profitability" in typed context  [no-untyped-call]
autonomy/analytics/policy_update_notifier.py:7: error: Function is missing a type annotation  [no-untyped-def]
autonomy/analytics/per_admin_audit_trail.py:16: error: Function is missing a type annotation  [no-untyped-def]
autonomy/analytics/multi_vault_launch_planner.py:7: error: Function is missing a type annotation  [no-untyped-def]
autonomy/analytics/lifetime_value_estimator.py:13: error: Function is missing a type annotation  [no-untyped-def]
autonomy/analytics/lifetime_value_estimator.py:40: error: Call to untyped function "estimate_lifetime_value" in typed context  [no-untyped-call]
autonomy/analytics/legal_document_expiry_tracker.py:7: error: Function is missing a type annotation  [no-untyped-def]
autonomy/analytics/legacy_content_aging_tracker.py:7: error: Function is missing a type annotation  [no-untyped-def]
autonomy/analytics/export_scheduler.py:26: error: Function is missing a type annotation  [no-untyped-def]
autonomy/analytics/export_scheduler.py:33: error: Function is missing a type annotation  [no-untyped-def]
autonomy/analytics/export_scheduler.py:36: error: Call to untyped function "send_email" in typed context  [no-untyped-call]
autonomy/analytics/export_scheduler.py:55: error: Function is missing a return type annotation  [no-untyped-def]
autonomy/analytics/export_scheduler.py:55: note: Use "-> None" if function does not return a value
autonomy/analytics/expiring_legal_clauses_tracker.py:7: error: Function is missing a type annotation  [no-untyped-def]
autonomy/analytics/compliance_tracker.py:24: error: Function is missing a type annotation  [no-untyped-def]
autonomy/analytics/compliance_tracker.py:26: error: Name "parse_threat_feed" is not defined  [name-defined]
autonomy/analytics/compliance_tracker.py:28: error: Name "anchor_license_hash" is not defined  [name-defined]
autonomy/analytics/compliance_tracker.py:30: error: Name "zero_knowledge_export" is not defined  [name-defined]
autonomy/analytics/compliance_tracker.py:32: error: Name "schedule_backup" is not defined  [name-defined]
autonomy/analytics/compliance_tracker.py:34: error: Name "export_compliance_manifest" is not defined  [name-defined]
autonomy/analytics/compliance_tracker.py:38: error: Name "detect_signals" is not defined  [name-defined]
autonomy/analytics/buyer_analytics.py:19: error: Function is missing a type annotation  [no-untyped-def]
autonomy/analytics/buyer_analytics.py:20: error: Need type annotation for "segments"  [var-annotated]
autonomy/analytics/buyer_analytics.py:23: error: "Collection[Any]" has no attribute "append"  [attr-defined]
autonomy/analytics/buyer_analytics.py:25: error: "Collection[Any]" has no attribute "append"  [attr-defined]
autonomy/analytics/buyer_analytics.py:27: error: "Collection[Any]" has no attribute "append"  [attr-defined]
autonomy/analytics/buyer_analytics.py:30: error: Unsupported target for indexed assignment ("Collection[Any]")  [index]
autonomy/analytics/buyer_analytics.py:31: error: Value of type "Collection[Any]" is not indexable  [index]
autonomy/analytics/annual_vault_aging_report.py:7: error: Function is missing a type annotation  [no-untyped-def]
automation/validation/legal_review.py:3: error: Function is missing a return type annotation  [no-untyped-def]
automation/validation/legal_review.py:8: error: Function is missing a type annotation  [no-untyped-def]
automation/validation/legal_review.py:12: error: Function is missing a type annotation  [no-untyped-def]
automation/validation/legal_review.py:20: error: Call to untyped function "sentience_safeguard_check" in typed context  [no-untyped-call]
automation/validation/legal_review.py:21: error: Call to untyped function "human_oversight_checkpoint" in typed context  [no-untyped-call]
automation/validation/legal_review.py:52: error: Call to untyped function "human_oversight_checkpoint" in typed context  [no-untyped-call]
automation/validation/legal_review.py:58: error: Call to untyped function "human_oversight_checkpoint" in typed context  [no-untyped-call]
analytics/vault_profitability_score.py:28: error: Unused "type: ignore" comment  [unused-ignore]
analytics/vault_profitability_score.py:30: error: Unused "type: ignore" comment  [unused-ignore]
analytics/vault_profitability_score.py:32: error: Unused "type: ignore" comment  [unused-ignore]
analytics/vault_profitability_score.py:34: error: Unused "type: ignore" comment  [unused-ignore]
analytics/vault_profitability_score.py:38: error: Unused "type: ignore" comment  [unused-ignore]
analytics/vault_engagement_analytics.py:27: error: Unused "type: ignore" comment  [unused-ignore]
analytics/vault_engagement_analytics.py:29: error: Unused "type: ignore" comment  [unused-ignore]
analytics/vault_engagement_analytics.py:31: error: Unused "type: ignore" comment  [unused-ignore]
analytics/vault_engagement_analytics.py:33: error: Unused "type: ignore" comment  [unused-ignore]
analytics/vault_engagement_analytics.py:37: error: Unused "type: ignore" comment  [unused-ignore]
analytics/vault_engagement_analytics.py:40: error: Argument 1 to "detect_signals" has incompatible type "dict[str, str | dict[str, Any] | None]"; expected "list[SaleRecord]"  [arg-type]
analytics/vault_engagement_analytics.py:46: error: Unused "type: ignore" comment  [unused-ignore]
analytics/bundle_recommendation_engine.py:22: error: Unused "type: ignore" comment  [unused-ignore]
analytics/bundle_recommendation_engine.py:24: error: Unused "type: ignore" comment  [unused-ignore]
analytics/bundle_recommendation_engine.py:26: error: Unused "type: ignore" comment  [unused-ignore]
analytics/bundle_recommendation_engine.py:28: error: Unused "type: ignore" comment  [unused-ignore]
analytics/bundle_recommendation_engine.py:32: error: Unused "type: ignore" comment  [unused-ignore]
aifolio_secrets/emergency_purge.py:16: error: Function is missing a type annotation  [no-untyped-def]
aifolio_secrets/emergency_purge.py:25: error: Function is missing a return type annotation  [no-untyped-def]
aifolio_secrets/emergency_purge.py:25: note: Use "-> None" if function does not return a value
aifolio_secrets/emergency_purge.py:32: error: Function is missing a return type annotation  [no-untyped-def]
aifolio_secrets/emergency_purge.py:32: note: Use "-> None" if function does not return a value
aifolio_secrets/emergency_purge.py:44: error: Function is missing a return type annotation  [no-untyped-def]
aifolio_secrets/emergency_purge.py:44: note: Use "-> None" if function does not return a value
aifolio_secrets/emergency_purge.py:52: error: Function is missing a return type annotation  [no-untyped-def]
aifolio_secrets/emergency_purge.py:52: note: Use "-> None" if function does not return a value
aifolio_secrets/emergency_purge.py:59: error: Function is missing a type annotation  [no-untyped-def]
aifolio_secrets/emergency_purge.py:79: error: Function is missing a return type annotation  [no-untyped-def]
aifolio_secrets/emergency_purge.py:79: note: Use "-> None" if function does not return a value
aifolio_secrets/emergency_purge.py:87: error: Function is missing a type annotation  [no-untyped-def]
aifolio_secrets/emergency_purge.py:96: error: Function is missing a return type annotation  [no-untyped-def]
aifolio_secrets/emergency_purge.py:96: note: Use "-> None" if function does not return a value
aifolio_secrets/emergency_purge.py:105: error: Function is missing a return type annotation  [no-untyped-def]
aifolio_secrets/emergency_purge.py:105: note: Use "-> None" if function does not return a value
aifolio_secrets/emergency_purge.py:112: error: Function is missing a type annotation  [no-untyped-def]
aifolio_secrets/emergency_purge.py:120: error: Call to untyped function "confirm_purge" in typed context  [no-untyped-call]
aifolio_secrets/emergency_purge.py:124: error: Call to untyped function "purge_countdown" in typed context  [no-untyped-call]
aifolio_secrets/emergency_purge.py:125: error: Call to untyped function "revoke_all_vault_secrets" in typed context  [no-untyped-call]
aifolio_secrets/emergency_purge.py:126: error: Call to untyped function "reset_env_to_lockdown" in typed context  [no-untyped-call]
aifolio_secrets/emergency_purge.py:127: error: Call to untyped function "freeze_api_calls" in typed context  [no-untyped-call]
aifolio_secrets/emergency_purge.py:128: error: Call to untyped function "notify_admin" in typed context  [no-untyped-call]
aifolio_secrets/emergency_purge.py:129: error: Call to untyped function "lock_deployment_pipelines" in typed context  [no-untyped-call]
aifolio_secrets/emergency_purge.py:130: error: Call to untyped function "log_purge" in typed context  [no-untyped-call]
aifolio_secrets/emergency_purge.py:131: error: Call to untyped function "reroute_dashboard_to_lockdown" in typed context  [no-untyped-call]
aifolio_secrets/emergency_purge.py:132: error: Call to untyped function "enter_safe_shell_state" in typed context  [no-untyped-call]
aifolio_secrets/emergency_purge.py:145: error: Call to untyped function "run_emergency_purge" in typed context  [no-untyped-call]
aifolio_secrets/audit_logger.py:11: error: Function is missing a type annotation  [no-untyped-def]
aifolio_empire/autonomous_vault_optimizer.py:10: error: Function is missing a type annotation  [no-untyped-def]
aifolio_empire/autonomous_vault_optimizer.py:15: error: Function is missing a return type annotation  [no-untyped-def]
aifolio_empire/autonomous_vault_optimizer.py:17: error: Need type annotation for "insights"  [var-annotated]
aifolio_empire/autonomous_vault_optimizer.py:22: error: Function is missing a type annotation  [no-untyped-def]
aifolio_empire/autonomous_vault_optimizer.py:29: error: Function is missing a type annotation  [no-untyped-def]
aifolio_empire/autonomous_vault_optimizer.py:35: error: Function is missing a type annotation  [no-untyped-def]
aifolio_empire/autonomous_vault_optimizer.py:40: error: Function is missing a type annotation  [no-untyped-def]
aifolio_empire/ai_pdf_layout_enhancer.py:15: error: Function is missing a return type annotation  [no-untyped-def]
aifolio_empire/ai_pdf_layout_enhancer.py:15: note: Use "-> None" if function does not return a value
aifolio_empire/ai_pdf_layout_enhancer.py:58: error: Need type annotation for "sections"  [var-annotated]
aifolio_empire/ai_pdf_layout_enhancer.py:119: error: Value of type "Collection[str]" is not indexable  [index]
aifolio_empire/ai_pdf_layout_enhancer.py:120: error: Value of type "Collection[str]" is not indexable  [index]
aifolio_empire/ai_pdf_layout_enhancer.py:122: error: Value of type "Collection[str]" is not indexable  [index]
aifolio_empire/ai_pdf_layout_enhancer.py:127: error: Value of type "Collection[str]" is not indexable  [index]
aifolio_empire/ai_pdf_layout_enhancer.py:141: error: Missing type parameters for generic type "tuple"  [type-arg]
aifolio_empire/ai_pdf_layout_enhancer.py:149: error: Call to untyped function "AIPDFLayoutEnhancer" in typed context  [no-untyped-call]
aifolio_empire/profit_engines/viral_reward_protocol.py:14: error: Function is missing a type annotation  [no-untyped-def]
aifolio_empire/profit_engines/viral_pdf_generator.py:23: error: Missing type parameters for generic type "dict"  [type-arg]
aifolio_empire/profit_engines/subscription_model_optimizer.py:28: error: Missing type parameters for generic type "dict"  [type-arg]
aifolio_empire/profit_engines/pdf_pricing_optimizer.py:14: error: Missing type parameters for generic type "dict"  [type-arg]
aifolio_empire/profit_engines/pdf_pricing_optimizer.py:55: error: Missing type parameters for generic type "dict"  [type-arg]
aifolio_empire/profit_engines/pdf_pricing_optimizer.py:93: error: Missing type parameters for generic type "dict"  [type-arg]
aifolio_empire/profit_engines/pdf_funnel_engine.py:25: error: Missing type parameters for generic type "dict"  [type-arg]
aifolio_empire/profit_engines/pdf_funnel_engine.py:71: error: Function is missing a return type annotation  [no-untyped-def]
aifolio_empire/profit_engines/pdf_funnel_engine.py:76: error: Function is missing a return type annotation  [no-untyped-def]
aifolio_empire/profit_engines/pdf_cross_promotion_engine.py:16: error: Missing type parameters for generic type "list"  [type-arg]
aifolio_empire/profit_engines/pdf_bundling_engine.py:25: error: Missing type parameters for generic type "dict"  [type-arg]
aifolio_empire/profit_engines/micro_upsell_engine.py:13: error: Function is missing a type annotation  [no-untyped-def]
aifolio_empire/profit_engines/loyalty_loop_ai.py:11: error: Function is missing a type annotation  [no-untyped-def]
aifolio_empire/profit_engines/high_ticket_pdf_generator.py:20: error: Missing type parameters for generic type "dict"  [type-arg]
aifolio_empire/profit_engines/gumroad_roi_sync_layer.py:11: error: Function is missing a type annotation  [no-untyped-def]
aifolio_empire/profit_engines/evergreen_seo_layer.py:23: error: Missing type parameters for generic type "dict"  [type-arg]
aifolio_empire/profit_engines/evergreen_seo_layer.py:65: error: Function is missing a return type annotation  [no-untyped-def]
aifolio_empire/profit_engines/evergreen_seo_layer.py:70: error: Function is missing a return type annotation  [no-untyped-def]
aifolio_empire/profit_engines/competitor_analysis_engine.py:35: error: Missing type parameters for generic type "dict"  [type-arg]
aifolio_empire/profit_engines/ai_tax_optimizer.py:25: error: Missing type parameters for generic type "dict"  [type-arg]
aifolio_empire/profit_engines/ai_tax_optimizer.py:51: error: Dict entry 0 has incompatible type "str": "str"; expected "str": "list[str]"  [dict-item]
aifolio_empire/profit_engines/ai_tax_optimizer.py:52: error: Dict entry 1 has incompatible type "str": "str"; expected "str": "list[str]"  [dict-item]
aifolio_empire/profit_engines/ai_tax_optimizer.py:53: error: Dict entry 2 has incompatible type "str": "int"; expected "str": "list[str]"  [dict-item]
aifolio_empire/profit_engines/ai_tax_optimizer.py:54: error: Dict entry 3 has incompatible type "str": "str"; expected "str": "list[str]"  [dict-item]
aifolio_empire/profit_engines/ai_tax_optimizer.py:55: error: Dict entry 4 has incompatible type "str": "bool"; expected "str": "list[str]"  [dict-item]
aifolio_empire/profit_engines/ai_tax_optimizer.py:56: error: Dict entry 5 has incompatible type "str": "bool"; expected "str": "list[str]"  [dict-item]
aifolio_empire/profit_engines/ai_tax_optimizer.py:57: error: Dict entry 6 has incompatible type "str": "bool"; expected "str": "list[str]"  [dict-item]
aifolio_empire/profit_engines/ai_tax_optimizer.py:64: error: Function is missing a return type annotation  [no-untyped-def]
aifolio_empire/profit_engines/ai_tax_optimizer.py:69: error: Function is missing a return type annotation  [no-untyped-def]
aifolio_empire/profit_engines/ai_revenue_turbo.py:18: error: Missing type parameters for generic type "dict"  [type-arg]
aifolio_empire/profit_engines/ai_pricing_strategist.py:11: error: Function is missing a type annotation  [no-untyped-def]
aifolio_empire/profit_engines/affiliate_intelligence_mesh.py:11: error: Function is missing a type annotation  [no-untyped-def]
aifolio_ai_bots_backend/omnilock_security_grid.py:17: error: Function is missing a return type annotation  [no-untyped-def]
aifolio_ai_bots_backend/omnilock_security_grid.py:22: error: Function is missing a type annotation  [no-untyped-def]
aifolio_ai_bots_backend/omnilock_security_grid.py:28: error: Function is missing a type annotation  [no-untyped-def]
aifolio_ai_bots_backend/omnilock_security_grid.py:35: error: Function is missing a return type annotation  [no-untyped-def]
aifolio_ai_bots_backend/omnilock_security_grid.py:40: error: Function is missing a type annotation  [no-untyped-def]
aifolio_ai_bots_backend/ai_omnicheck_finalizer.py:9: error: Function is missing a return type annotation  [no-untyped-def]
aifolio_ai_bots_backend/ai_growth_compliance_brain.py:14: error: Function is missing a type annotation  [no-untyped-def]
aifolio_ai_bots_backend/ai_growth_compliance_brain.py:28: error: Argument 1 to "detect_signals" has incompatible type "dict[str, Any]"; expected "list[SaleRecord]"  [arg-type]
aifolio_ai_bots_backend/ai_growth_compliance_brain.py:31: error: Function is missing a type annotation  [no-untyped-def]
aifolio_ai_bots_backend/ai_growth_compliance_brain.py:40: error: Function is missing a type annotation  [no-untyped-def]
aifolio_ai_bots_backend/ai_bot_personas.py:18: error: Function is missing a type annotation  [no-untyped-def]
aifolio_ai_bots_backend/ai_bot_personas.py:22: error: Function is missing a type annotation  [no-untyped-def]
aifolio_ai_bots_backend/ai_bot_personas.py:27: error: Call to untyped function "log_bot_action" in typed context  [no-untyped-call]
ai_prompt_engine/validate_market_fit.py:9: error: Function is missing a type annotation  [no-untyped-def]
ai_prompt_engine/validate_market_fit.py:17: error: Call to untyped function "_log" in typed context  [no-untyped-call]
ai_prompt_engine/validate_market_fit.py:27: error: Function is missing a type annotation  [no-untyped-def]
ai_core/emma_security/emma_hsm_auth.py:14: error: Function is missing a return type annotation  [no-untyped-def]
ai_core/emma_security/emma_hsm_auth.py:18: error: Function is missing a return type annotation  [no-untyped-def]
ai_core/emma_security/emma_hsm_auth.py:26: error: Call to untyped function "fido2_handshake" in typed context  [no-untyped-call]
ai_core/emma_security/emma_hsm_auth.py:32: error: Function is missing a return type annotation  [no-untyped-def]
ai_core/emma_security/emma_hsm_auth.py:43: error: Call to untyped function "emma_init_hsm_key" in typed context  [no-untyped-call]
ai_engines/ai_domestication_protocol.py:13: error: Function is missing a return type annotation  [no-untyped-def]
ai_engines/ai_domestication_protocol.py:13: error: Missing type parameters for generic type "dict"  [type-arg]
ai_engines/ai_domestication_protocol.py:13: error: Incompatible default for argument "context" (default has type "None", argument has type "dict[Any, Any]")  [assignment]
ai_engines/ai_domestication_protocol.py:13: note: PEP 484 prohibits implicit Optional. Accordingly, mypy has changed its default to no_implicit_optional=True
ai_engines/ai_domestication_protocol.py:13: note: Use https://github.com/hauntsaninja/no_implicit_optional to automatically upgrade your codebase
ai_engines/ai_domestication_protocol.py:22: error: Function is missing a return type annotation  [no-untyped-def]
ai_engines/ai_domestication_protocol.py:22: error: Missing type parameters for generic type "dict"  [type-arg]
ai_engines/ai_domestication_protocol.py:22: error: Incompatible default for argument "context" (default has type "None", argument has type "dict[Any, Any]")  [assignment]
ai_engines/ai_domestication_protocol.py:22: note: PEP 484 prohibits implicit Optional. Accordingly, mypy has changed its default to no_implicit_optional=True
ai_engines/ai_domestication_protocol.py:22: note: Use https://github.com/hauntsaninja/no_implicit_optional to automatically upgrade your codebase
ai_engines/ai_domestication_protocol.py:35: error: Function is missing a type annotation  [no-untyped-def]
ai_engines/ai_domestication_protocol.py:37: error: Function is missing a type annotation  [no-untyped-def]
aifolio_ai_bots_backend/agents/agent_utils.py:54: error: Function is missing a type annotation  [no-untyped-def]
aifolio_ai_bots_backend/agents/agent_utils.py:57: error: Function is missing a type annotation  [no-untyped-def]
aifolio_ai_bots_backend/agents/agent_utils.py:61: error: Function is missing a type annotation  [no-untyped-def]
aifolio_ai_bots_backend/agents/agent_utils.py:65: error: Function is missing a type annotation  [no-untyped-def]
aifolio_ai_bots_backend/agents/agent_utils.py:113: error: Function is missing a type annotation  [no-untyped-def]
aifolio_ai_bots_backend/agents/agent_utils.py:115: error: Name "parse_threat_feed" is not defined  [name-defined]
aifolio_ai_bots_backend/agents/agent_utils.py:117: error: Name "anchor_license_hash" is not defined  [name-defined]
aifolio_ai_bots_backend/agents/agent_utils.py:119: error: Name "zero_knowledge_export" is not defined  [name-defined]
aifolio_ai_bots_backend/agents/agent_utils.py:121: error: Name "schedule_backup" is not defined  [name-defined]
aifolio_ai_bots_backend/agents/agent_utils.py:123: error: Name "export_compliance_manifest" is not defined  [name-defined]
aifolio_ai_bots_backend/agents/agent_utils.py:127: error: Name "detect_signals" is not defined  [name-defined]
aifolio_ai_bots_backend/agents/agent_utils.py:132: error: Call to untyped function "log_agent_action" in typed context  [no-untyped-call]
aifolio_ai_bots_backend/agents/agent_utils.py:178: error: Function is missing a type annotation for one or more arguments  [no-untyped-def]
aifolio_ai_bots_backend/agents/agent_utils.py:200: error: Missing type parameters for generic type "dict"  [type-arg]
aifolio_ai_bots_backend/agents/agent_utils.py:211: error: Missing type parameters for generic type "dict"  [type-arg]
aifolio_ai_bots_backend/agents/agent_utils.py:219: error: Missing type parameters for generic type "dict"  [type-arg]
aifolio_ai_bots_backend/agents/agent_utils.py:225: error: Missing type parameters for generic type "dict"  [type-arg]
aifolio_ai_bots_backend/agents/agent_utils.py:231: error: Missing type parameters for generic type "dict"  [type-arg]
aifolio_ai_bots_backend/agents/agent_utils.py:251: error: Missing type parameters for generic type "dict"  [type-arg]
aifolio_ai_bots_backend/agents/agent_utils.py:264: error: Missing type parameters for generic type "dict"  [type-arg]
aifolio_ai_bots_backend/agents/agent_utils.py:271: error: Returning Any from function declared to return "dict[Any, Any]"  [no-any-return]
aifolio_ai_bots_backend/agents/agent_utils.py:317: error: Function is missing a return type annotation  [no-untyped-def]
aifolio_ai_bots_backend/agents/agent_utils.py:317: error: Missing type parameters for generic type "dict"  [type-arg]
aifolio_ai_bots_backend/agents/agent_utils.py:322: error: Function is missing a return type annotation  [no-untyped-def]
aifolio_ai_bots_backend/agents/agent_utils.py:322: error: Missing type parameters for generic type "dict"  [type-arg]
aifolio_ai_bots_backend/agents/agent_utils.py:327: error: Function is missing a return type annotation  [no-untyped-def]
aifolio_ai_bots_backend/agents/agent_utils.py:327: error: Missing type parameters for generic type "dict"  [type-arg]
aifolio_ai_bots_backend/agents/agent_utils.py:333: error: Missing type parameters for generic type "dict"  [type-arg]
aifolio_ai_bots_backend/agents/agent_utils.py:338: error: Missing type parameters for generic type "dict"  [type-arg]
aifolio_ai_bots_backend/agents/agent_utils.py:344: error: Missing type parameters for generic type "dict"  [type-arg]
aifolio_ai_bots_backend/agents/agent_utils.py:370: error: Missing type parameters for generic type "dict"  [type-arg]
aifolio_ai_bots_backend/agents/agent_utils.py:376: error: Missing type parameters for generic type "dict"  [type-arg]
aifolio_ai_bots_backend/agents/agent_utils.py:420: error: Name "sanitize_input" already defined on line 80  [no-redef]
aifolio_ai_bots_backend/agents/agent_utils.py:484: error: Missing type parameters for generic type "dict"  [type-arg]
aifolio_ai_bots_backend/agents/agent_utils.py:507: error: Name "moderate_content" already defined on line 107  [no-redef]
aifolio_ai_bots_backend/agents/agent_utils.py:507: error: Missing type parameters for generic type "dict"  [type-arg]
aifolio_ai_bots_backend/agents/agent_utils.py:507: error: Incompatible default for argument "context" (default has type "None", argument has type "dict[Any, Any]")  [assignment]
aifolio_ai_bots_backend/agents/agent_utils.py:507: note: PEP 484 prohibits implicit Optional. Accordingly, mypy has changed its default to no_implicit_optional=True
aifolio_ai_bots_backend/agents/agent_utils.py:507: note: Use https://github.com/hauntsaninja/no_implicit_optional to automatically upgrade your codebase
aifolio_ai_bots_backend/agents/agent_utils.py:539: error: Name "openai" is not defined  [name-defined]
aifolio_ai_bots_backend/agents/agent_utils.py:550: error: Name "log_interaction" already defined on line 130  [no-redef]
aifolio_ai_bots_backend/agents/agent_utils.py:550: error: Function is missing a return type annotation  [no-untyped-def]
aifolio_ai_bots_backend/agents/agent_utils.py:575: error: Name "httpx" is not defined  [name-defined]
aifolio_ai_bots_backend/agents/agent_utils.py:580: error: Name "raise_if_sentience_attempted" already defined on line 150  [no-redef]
aifolio_ai_bots_backend/agents/agent_utils.py:580: error: Function is missing a return type annotation  [no-untyped-def]
ethics_engine.py:21: error: Function is missing a return type annotation  [no-untyped-def]
ethics_engine.py:29: error: Call to untyped function "load_policy" of "OmnieliteEthicsEngine" in typed context  [no-untyped-call]
ethics_engine.py:31: error: Call to untyped function "_check_rule" in typed context  [no-untyped-call]
ethics_engine.py:32: error: Call to untyped function "log_violation" in typed context  [no-untyped-call]
ethics_engine.py:37: error: Function is missing a type annotation  [no-untyped-def]
ethics_engine.py:48: error: Function is missing a type annotation  [no-untyped-def]
ethics_engine.py:59: error: Function is missing a return type annotation  [no-untyped-def]
ethics_engine.py:66: error: Call to untyped function "handle_violation" of "EMMAEthicsGuard" in typed context  [no-untyped-call]
empress_codemaster.py:13: error: Function is missing a type annotation for one or more arguments  [no-untyped-def]
empress_codemaster.py:18: error: Call to untyped function "EmpressAvatar" in typed context  [no-untyped-call]
empress_codemaster.py:19: error: Call to untyped function "EmotionalIntelligenceLayer" in typed context  [no-untyped-call]
empress_codemaster.py:62: error: Untyped decorator makes function "generate_code" untyped  [misc]
empress_codemaster.py:68: error: Untyped decorator makes function "review_code" untyped  [misc]
empress_codemaster.py:74: error: Untyped decorator makes function "refactor_code" untyped  [misc]
empress_codemaster.py:76: error: Incompatible default for argument "style" (default has type "None", argument has type "str")  [assignment]
empress_codemaster.py:76: note: PEP 484 prohibits implicit Optional. Accordingly, mypy has changed its default to no_implicit_optional=True
empress_codemaster.py:76: note: Use https://github.com/hauntsaninja/no_implicit_optional to automatically upgrade your codebase
empress_codemaster.py:83: error: Function is missing a return type annotation  [no-untyped-def]
empress_codemaster.py:87: error: Function is missing a type annotation  [no-untyped-def]
empress_codemaster.py:88: error: Call to untyped function "set_style" in typed context  [no-untyped-call]
empress_codemaster.py:89: error: Call to untyped function "set_voice" in typed context  [no-untyped-call]
empress_codemaster.py:90: error: Call to untyped function "describe" in typed context  [no-untyped-call]
empress_codemaster.py:92: error: Function is missing a type annotation  [no-untyped-def]
empress_codemaster.py:93: error: Call to untyped function "adapt_to_owner" in typed context  [no-untyped-call]
tests/test_utils.py:8: error: Function is missing a return type annotation  [no-untyped-def]
tests/test_utils.py:8: note: Use "-> None" if function does not return a value
tests/test_utils.py:11: error: Function is missing a return type annotation  [no-untyped-def]
tests/test_utils.py:11: note: Use "-> None" if function does not return a value
tests/test_utils.py:28: error: Function is missing a return type annotation  [no-untyped-def]
tests/test_utils.py:28: note: Use "-> None" if function does not return a value
tests/test_utils.py:41: error: Incompatible types in assignment (expression has type "object", variable has type "str")  [assignment]
tests/test_utils.py:45: error: Function is missing a return type annotation  [no-untyped-def]
tests/test_utils.py:45: note: Use "-> None" if function does not return a value
tests/test_utils.py:58: error: Incompatible types in assignment (expression has type "object", variable has type "str")  [assignment]
tests/test_utils.py:61: error: Function is missing a return type annotation  [no-untyped-def]
tests/test_utils.py:61: note: Use "-> None" if function does not return a value
tests/test_utils.py:73: error: Argument 1 to "validate_prompt" of "InputValidator" has incompatible type "object"; expected "str"  [arg-type]
tests/test_basic.py:5: error: Function is missing a return type annotation  [no-untyped-def]
tests/test_basic.py:5: note: Use "-> None" if function does not return a value
tests/test_ai_tools.py:6: error: Function is missing a return type annotation  [no-untyped-def]
tests/test_ai_tools.py:6: note: Use "-> None" if function does not return a value
tests/test_ai_tools.py:8: error: Call to untyped function "format_title" in typed context  [no-untyped-call]
tests/test_ai_tools.py:11: error: Call to untyped function "format_title" in typed context  [no-untyped-call]
tests/test_ai_tools.py:14: error: Call to untyped function "format_title" in typed context  [no-untyped-call]
tests/test_ai_tools.py:16: error: Function is missing a return type annotation  [no-untyped-def]
tests/test_ai_tools.py:16: note: Use "-> None" if function does not return a value
tests/test_ai_tools.py:18: error: Call to untyped function "format_description" in typed context  [no-untyped-call]
tests/test_ai_tools.py:21: error: Call to untyped function "format_description" in typed context  [no-untyped-call]
tests/test_ai_tools.py:23: error: Call to untyped function "format_description" in typed context  [no-untyped-call]
tests/test_ai_tools.py:27: error: Function is missing a return type annotation  [no-untyped-def]
tests/test_ai_tools.py:27: note: Use "-> None" if function does not return a value
tests/test_ai_tools.py:28: error: Call to untyped function "analyze_review" in typed context  [no-untyped-call]
tests/test_ai_tools.py:31: error: Function is missing a return type annotation  [no-untyped-def]
tests/test_ai_tools.py:31: note: Use "-> None" if function does not return a value
tests/test_ai_tools.py:32: error: Call to untyped function "analyze_review" in typed context  [no-untyped-call]
tests/test_ai_tools.py:35: error: Function is missing a return type annotation  [no-untyped-def]
tests/test_ai_tools.py:35: note: Use "-> None" if function does not return a value
tests/test_ai_tools.py:36: error: Call to untyped function "analyze_review" in typed context  [no-untyped-call]
tests/test_ai_tools.py:41: error: Function is missing a return type annotation  [no-untyped-def]
tests/test_ai_tools.py:41: note: Use "-> None" if function does not return a value
tests/test_ai_tools.py:61: error: Call to untyped function "check_vault_metadata" in typed context  [no-untyped-call]
tests/test_ai_tools.py:66: error: Call to untyped function "check_vault_metadata" in typed context  [no-untyped-call]
tests/test_ai_tools.py:72: error: Call to untyped function "check_vault_metadata" in typed context  [no-untyped-call]
tests/test_ai_tools.py:76: error: Function is missing a return type annotation  [no-untyped-def]
tests/test_ai_tools.py:76: note: Use "-> None" if function does not return a value
tests/test_ai_tools.py:85: error: Call to untyped function "check_vault_metadata" in typed context  [no-untyped-call]
tests/test_ai_tools.py:88: error: Function is missing a return type annotation  [no-untyped-def]
tests/test_ai_tools.py:88: note: Use "-> None" if function does not return a value
tests/test_ai_tools.py:96: error: Call to untyped function "check_vault_metadata" in typed context  [no-untyped-call]
tests/test_ai_tools.py:100: error: Function is missing a return type annotation  [no-untyped-def]
tests/test_ai_tools.py:100: note: Use "-> None" if function does not return a value
tests/test_ai_tools.py:108: error: Call to untyped function "check_vault_metadata" in typed context  [no-untyped-call]
backend/security_engine.py:12: error: Function is missing a type annotation  [no-untyped-def]
backend/security_engine.py:19: error: Function is missing a type annotation  [no-untyped-def]
backend/security_engine.py:25: error: Function is missing a type annotation  [no-untyped-def]
backend/security_engine.py:31: error: Function is missing a return type annotation  [no-untyped-def]
backend/security_engine.py:36: error: Function is missing a type annotation  [no-untyped-def]
backend/security_engine.py:42: error: Function is missing a return type annotation  [no-untyped-def]
backend/security_engine.py:47: error: Function is missing a return type annotation  [no-untyped-def]
backend/security_engine.py:52: error: Function is missing a return type annotation  [no-untyped-def]
backend/security_engine.py:57: error: Function is missing a return type annotation  [no-untyped-def]
backend/security_engine.py:62: error: Function is missing a return type annotation  [no-untyped-def]
backend/security_engine.py:67: error: Function is missing a return type annotation  [no-untyped-def]
backend/security_engine.py:72: error: Function is missing a type annotation  [no-untyped-def]
backend/security_engine.py:77: error: Function is missing a return type annotation  [no-untyped-def]
backend/security_engine.py:82: error: Function is missing a return type annotation  [no-untyped-def]
backend/security_engine.py:87: error: Function is missing a return type annotation  [no-untyped-def]
backend/security_engine.py:92: error: Function is missing a return type annotation  [no-untyped-def]
backend/security_engine.py:97: error: Function is missing a return type annotation  [no-untyped-def]
backend/security_engine.py:102: error: Function is missing a return type annotation  [no-untyped-def]
backend/security_engine.py:107: error: Function is missing a return type annotation  [no-untyped-def]
backend/security_engine.py:112: error: Function is missing a return type annotation  [no-untyped-def]
backend/security_engine.py:117: error: Function is missing a type annotation  [no-untyped-def]
backend/security_engine.py:118: error: Call to untyped function "lockdown_vaults_with_immutable_storage" in typed context  [no-untyped-call]
backend/security_engine.py:119: error: Call to untyped function "file_integrity_checker" in typed context  [no-untyped-call]
backend/security_engine.py:120: error: Call to untyped function "geo_encrypted_backups" in typed context  [no-untyped-call]
backend/security_engine.py:121: error: Call to untyped function "self_healing_core" in typed context  [no-untyped-call]
backend/security_engine.py:122: error: Call to untyped function "ai_anomaly_detector" in typed context  [no-untyped-call]
backend/security_engine.py:123: error: Call to untyped function "zero_trust_network" in typed context  [no-untyped-call]
backend/security_engine.py:124: error: Call to untyped function "enforce_tls_and_mtls" in typed context  [no-untyped-call]
backend/security_engine.py:125: error: Call to untyped function "dynamic_firewall" in typed context  [no-untyped-call]
backend/security_engine.py:126: error: Call to untyped function "onion_routing_mode" in typed context  [no-untyped-call]
backend/security_engine.py:127: error: Call to untyped function "enforce_fido2_webauthn" in typed context  [no-untyped-call]
backend/security_engine.py:128: error: Call to untyped function "split_role_admin" in typed context  [no-untyped-call]
backend/security_engine.py:129: error: Call to untyped function "log_admin_actions" in typed context  [no-untyped-call]
backend/security_engine.py:130: error: Call to untyped function "threat_response_playbooks" in typed context  [no-untyped-call]
backend/security_engine.py:131: error: Call to untyped function "encrypt_execution_layers" in typed context  [no-untyped-call]
backend/security_engine.py:132: error: Call to untyped function "compile_sensitive_to_wasm" in typed context  [no-untyped-call]
backend/security_engine.py:133: error: Call to untyped function "anti_debugger_tamper" in typed context  [no-untyped-call]
backend/security_engine.py:134: error: Call to untyped function "deploy_canary_tokens" in typed context  [no-untyped-call]
backend/security_engine.py:135: error: Call to untyped function "rotate_api_creds" in typed context  [no-untyped-call]
backend/security_engine.py:136: error: Call to untyped function "schedule_pen_test" in typed context  [no-untyped-call]
backend/security_engine.py:137: error: Call to untyped function "immutable_infra_rebuild" in typed context  [no-untyped-call]
backend/revenue_profit_upgrade_engine.py:13: error: Function is missing a type annotation  [no-untyped-def]
backend/revenue_profit_upgrade_engine.py:23: error: Function is missing a type annotation  [no-untyped-def]
backend/revenue_profit_upgrade_engine.py:30: error: Function is missing a type annotation  [no-untyped-def]
backend/revenue_profit_upgrade_engine.py:45: error: Function is missing a type annotation  [no-untyped-def]
backend/revenue_profit_upgrade_engine.py:54: error: Function is missing a type annotation  [no-untyped-def]
backend/revenue_profit_upgrade_engine.py:62: error: Function is missing a type annotation  [no-untyped-def]
backend/revenue_profit_upgrade_engine.py:69: error: Function is missing a type annotation  [no-untyped-def]
backend/revenue_profit_upgrade_engine.py:77: error: Function is missing a type annotation  [no-untyped-def]
backend/revenue_profit_upgrade_engine.py:85: error: Function is missing a type annotation  [no-untyped-def]
backend/revenue_profit_upgrade_engine.py:95: error: Function is missing a type annotation  [no-untyped-def]
backend/revenue_profit_upgrade_engine.py:96: error: Call to untyped function "build_vault_family_performance_mesh" in typed context  [no-untyped-call]
backend/revenue_profit_upgrade_engine.py:97: error: Call to untyped function "ai_vault_profit_predictor" in typed context  [no-untyped-call]
backend/revenue_profit_upgrade_engine.py:98: error: Call to untyped function "dynamic_vault_cloning" in typed context  [no-untyped-call]
backend/revenue_profit_upgrade_engine.py:99: error: Call to untyped function "auto_niche_expander" in typed context  [no-untyped-call]
backend/revenue_profit_upgrade_engine.py:100: error: Call to untyped function "ai_title_optimizer_v3" in typed context  [no-untyped-call]
backend/revenue_profit_upgrade_engine.py:101: error: Call to untyped function "build_sales_heatmap_dashboard" in typed context  [no-untyped-call]
backend/revenue_profit_upgrade_engine.py:102: error: Call to untyped function "pdf_upsell_engine" in typed context  [no-untyped-call]
backend/revenue_profit_upgrade_engine.py:103: error: Call to untyped function "pdf_funnel_builder" in typed context  [no-untyped-call]
backend/revenue_profit_upgrade_engine.py:104: error: Call to untyped function "ai_powered_email_sequences" in typed context  [no-untyped-call]
backend/empire_phase_manager.py:14: error: Function is missing a type annotation  [no-untyped-def]
backend/empire_phase_manager.py:26: error: Function is missing a type annotation  [no-untyped-def]
backend/auto_upgrade_manager.py:12: error: Function is missing a return type annotation  [no-untyped-def]
backend/auto_upgrade_manager.py:17: error: Function is missing a type annotation  [no-untyped-def]
backend/auto_upgrade_manager.py:24: error: Function is missing a return type annotation  [no-untyped-def]
backend/auto_upgrade_manager.py:29: error: Function is missing a return type annotation  [no-untyped-def]
backend/auto_upgrade_manager.py:34: error: Function is missing a return type annotation  [no-untyped-def]
backend/auto_upgrade_manager.py:39: error: Function is missing a return type annotation  [no-untyped-def]
backend/auto_upgrade_manager.py:44: error: Function is missing a return type annotation  [no-untyped-def]
backend/auto_upgrade_manager.py:49: error: Function is missing a return type annotation  [no-untyped-def]
backend/auto_upgrade_manager.py:54: error: Function is missing a return type annotation  [no-untyped-def]
backend/auto_upgrade_manager.py:59: error: Function is missing a return type annotation  [no-untyped-def]
backend/auto_upgrade_manager.py:64: error: Function is missing a return type annotation  [no-untyped-def]
backend/auto_upgrade_manager.py:69: error: Function is missing a return type annotation  [no-untyped-def]
backend/auto_upgrade_manager.py:74: error: Function is missing a return type annotation  [no-untyped-def]
backend/auto_upgrade_manager.py:79: error: Function is missing a return type annotation  [no-untyped-def]
backend/auto_upgrade_manager.py:84: error: Function is missing a return type annotation  [no-untyped-def]
backend/auto_upgrade_manager.py:89: error: Function is missing a return type annotation  [no-untyped-def]
backend/auto_upgrade_manager.py:94: error: Function is missing a return type annotation  [no-untyped-def]
backend/auto_upgrade_manager.py:99: error: Function is missing a type annotation  [no-untyped-def]
backend/auto_upgrade_manager.py:100: error: Call to untyped function "continuous_upgrade_pipeline" in typed context  [no-untyped-call]
backend/auto_upgrade_manager.py:101: error: Call to untyped function "autonomous_vault_repair_engine" in typed context  [no-untyped-call]
backend/auto_upgrade_manager.py:102: error: Call to untyped function "low_latency_ai_inference" in typed context  [no-untyped-call]
backend/auto_upgrade_manager.py:103: error: Call to untyped function "legal_change_monitor" in typed context  [no-untyped-call]
backend/auto_upgrade_manager.py:104: error: Call to untyped function "region_compliance_engine" in typed context  [no-untyped-call]
backend/auto_upgrade_manager.py:105: error: Call to untyped function "auto_apply_gdpr" in typed context  [no-untyped-call]
backend/auto_upgrade_manager.py:106: error: Call to untyped function "ai_explainability_layer" in typed context  [no-untyped-call]
backend/auto_upgrade_manager.py:107: error: Call to untyped function "elastic_compute_grid" in typed context  [no-untyped-call]
backend/auto_upgrade_manager.py:108: error: Call to untyped function "ai_load_balancer" in typed context  [no-untyped-call]
backend/auto_upgrade_manager.py:109: error: Call to untyped function "usage_heatmap" in typed context  [no-untyped-call]
backend/auto_upgrade_manager.py:110: error: Call to untyped function "ai_output_diff_dashboard" in typed context  [no-untyped-call]
backend/auto_upgrade_manager.py:111: error: Call to untyped function "rollback_engine" in typed context  [no-untyped-call]
backend/auto_upgrade_manager.py:112: error: Call to untyped function "ai_telemetry_layer" in typed context  [no-untyped-call]
backend/auto_upgrade_manager.py:113: error: Call to untyped function "ai_safety_envelope" in typed context  [no-untyped-call]
backend/auto_upgrade_manager.py:114: error: Call to untyped function "phase_alert_manager_ui" in typed context  [no-untyped-call]
backend/auto_upgrade_manager.py:115: error: Call to untyped function "phase_lockdown_control_panel" in typed context  [no-untyped-call]
backend/auto_upgrade_manager.py:116: error: Call to untyped function "safe_mode_toggle" in typed context  [no-untyped-call]
backend/hyper_expansion/hyper_elite_vault_badge_system.py:58: error: Function is missing a type annotation  [no-untyped-def]
backend/hyper_expansion/hyper_elite_vault_badge_system.py:65: error: Function is missing a type annotation  [no-untyped-def]
backend/hyper_expansion/hyper_elite_vault_badge_system.py:66: error: Call to untyped function "get_latest_badge_for_phase" in typed context  [no-untyped-call]
autorepair/autorepair_daemon.py:64: error: Function is missing a type annotation  [no-untyped-def]
autorepair/autorepair_daemon.py:74: error: Function is missing a type annotation  [no-untyped-def]
autorepair/autorepair_daemon.py:98: error: Function is missing a type annotation  [no-untyped-def]
autorepair/autorepair_daemon.py:108: error: Function is missing a type annotation  [no-untyped-def]
autorepair/autorepair_daemon.py:114: error: Call to untyped function "run_healthcheck" in typed context  [no-untyped-call]
autorepair/autorepair_daemon.py:115: error: Call to untyped function "log_repair" in typed context  [no-untyped-call]
autorepair/autorepair_daemon.py:124: error: Call to untyped function "log_repair" in typed context  [no-untyped-call]
autorepair/autorepair_daemon.py:135: error: Call to untyped function "log_repair" in typed context  [no-untyped-call]
autorepair/autorepair_daemon.py:139: error: Call to untyped function "escalate_issue" in typed context  [no-untyped-call]
autorepair/autorepair_daemon.py:144: error: Function is missing a type annotation  [no-untyped-def]
autorepair/autorepair_daemon.py:145: error: Call to untyped function "log_repair" in typed context  [no-untyped-call]
autorepair/autorepair_daemon.py:170: error: Function is missing a return type annotation  [no-untyped-def]
autorepair/autorepair_daemon.py:170: note: Use "-> None" if function does not return a value
autorepair/autorepair_daemon.py:176: error: Call to untyped function "run_healthcheck" in typed context  [no-untyped-call]
autorepair/autorepair_daemon.py:180: error: Call to untyped function "repair_service" in typed context  [no-untyped-call]
autorepair/autorepair_daemon.py:189: error: Call to untyped function "main_loop" in typed context  [no-untyped-call]
autonomy/post_sale_hooks/update_smart_price.py:6: error: Function is missing a type annotation  [no-untyped-def]
autonomy/post_sale_hooks/track_analytics.py:9: error: Function is missing a type annotation  [no-untyped-def]
autonomy/post_sale_hooks/tag_buyer_crm.py:7: error: Function is missing a type annotation  [no-untyped-def]
autonomy/post_sale_hooks/log_receipt.py:8: error: Function is missing a type annotation  [no-untyped-def]
autonomy/notifications/sendgrid_email.py:17: error: Function is missing a type annotation  [no-untyped-def]
autonomy/notifications/sendgrid_email.py:23: error: Call to untyped function "analyze_review" in typed context  [no-untyped-call]
aifolio_empire/tests/ui_enhancements/test_vault_drop_countdown_simulator.py:25: error: Function is missing a return type annotation  [no-untyped-def]
aifolio_empire/tests/ui_enhancements/test_vault_drop_countdown_simulator.py:25: note: Use "-> None" if function does not return a value
aifolio_empire/tests/ui_enhancements/test_vault_drop_countdown_simulator.py:44: error: Function is missing a return type annotation  [no-untyped-def]
aifolio_empire/tests/ui_enhancements/test_vault_drop_countdown_simulator.py:44: note: Use "-> None" if function does not return a value
aifolio_empire/tests/ui_enhancements/test_vault_drop_countdown_simulator.py:48: error: Function is missing a return type annotation  [no-untyped-def]
aifolio_empire/tests/ui_enhancements/test_vault_drop_countdown_simulator.py:48: note: Use "-> None" if function does not return a value
aifolio_empire/tests/ui_enhancements/test_vault_drop_countdown_simulator.py:71: error: Function is missing a return type annotation  [no-untyped-def]
aifolio_empire/tests/ui_enhancements/test_vault_drop_countdown_simulator.py:71: note: Use "-> None" if function does not return a value
aifolio_empire/tests/ui_enhancements/test_vault_drop_countdown_simulator.py:85: error: Function is missing a return type annotation  [no-untyped-def]
aifolio_empire/tests/ui_enhancements/test_vault_drop_countdown_simulator.py:85: note: Use "-> None" if function does not return a value
aifolio_empire/tests/ui_enhancements/test_vault_drop_countdown_simulator.py:111: error: Function is missing a return type annotation  [no-untyped-def]
aifolio_empire/tests/ui_enhancements/test_vault_drop_countdown_simulator.py:111: note: Use "-> None" if function does not return a value
aifolio_empire/tests/ui_enhancements/test_vault_drop_countdown_simulator.py:125: error: Function is missing a return type annotation  [no-untyped-def]
aifolio_empire/tests/ui_enhancements/test_vault_drop_countdown_simulator.py:125: note: Use "-> None" if function does not return a value
aifolio_empire/tests/ui_enhancements/test_vault_drop_countdown_simulator.py:135: error: Function is missing a return type annotation  [no-untyped-def]
aifolio_empire/tests/ui_enhancements/test_vault_drop_countdown_simulator.py:135: note: Use "-> None" if function does not return a value
aifolio_empire/tests/ui_enhancements/test_vault_drop_countdown_simulator.py:151: error: Function is missing a return type annotation  [no-untyped-def]
aifolio_empire/tests/ui_enhancements/test_vault_drop_countdown_simulator.py:151: note: Use "-> None" if function does not return a value
aifolio_empire/tests/ui_enhancements/test_vault_drop_countdown_simulator.py:168: error: Module has no attribute "config"  [attr-defined]
aifolio_empire/tests/ui_enhancements/test_vault_drop_countdown_simulator.py:194: error: Module has no attribute "config"  [attr-defined]
aifolio_empire/profit_engines/refund_optimizer.py:17: error: Missing type parameters for generic type "dict"  [type-arg]
aifolio_empire/profit_engines/refund_optimizer.py:56: error: Function is missing a return type annotation  [no-untyped-def]
aifolio_empire/profit_engines/refund_optimizer.py:61: error: Function is missing a return type annotation  [no-untyped-def]
ai_engines/sentience_guard.py:28: error: Function is missing a type annotation  [no-untyped-def]
ai_engines/sentience_guard.py:30: error: Name "parse_threat_feed" is not defined  [name-defined]
ai_engines/sentience_guard.py:32: error: Name "anchor_license_hash" is not defined  [name-defined]
ai_engines/sentience_guard.py:34: error: Name "zero_knowledge_export" is not defined  [name-defined]
ai_engines/sentience_guard.py:36: error: Name "schedule_backup" is not defined  [name-defined]
ai_engines/sentience_guard.py:38: error: Name "export_compliance_manifest" is not defined  [name-defined]
ai_engines/sentience_guard.py:42: error: Name "detect_signals" is not defined  [name-defined]
ai_engines/sentience_guard.py:50: error: Function is missing a type annotation  [no-untyped-def]
ai_engines/sentience_guard.py:65: error: Function is missing a type annotation  [no-untyped-def]
omniexpansion/omniexpansion_seeder.py:20: error: Function is missing a return type annotation  [no-untyped-def]
omniexpansion/omniexpansion_seeder.py:20: note: Use "-> None" if function does not return a value
omniexpansion/omniexpansion_seeder.py:33: error: Function is missing a return type annotation  [no-untyped-def]
omniexpansion/omniexpansion_seeder.py:50: error: Function is missing a type annotation  [no-untyped-def]
middlewares/ethics_validator.py:12: error: Function is missing a type annotation  [no-untyped-def]
backend/upgrade_harden_pipeline.py:25: error: Function is missing a return type annotation  [no-untyped-def]
backend/upgrade_harden_pipeline.py:32: error: Function is missing a return type annotation  [no-untyped-def]
backend/upgrade_harden_pipeline.py:37: error: Function is missing a return type annotation  [no-untyped-def]
backend/upgrade_harden_pipeline.py:42: error: Function is missing a type annotation  [no-untyped-def]
backend/upgrade_harden_pipeline.py:47: error: Function is missing a type annotation  [no-untyped-def]
backend/upgrade_harden_pipeline.py:52: error: Function is missing a type annotation  [no-untyped-def]
backend/upgrade_harden_pipeline.py:59: error: Function is missing a type annotation  [no-untyped-def]
backend/upgrade_harden_pipeline.py:66: error: Function is missing a type annotation  [no-untyped-def]
backend/upgrade_harden_pipeline.py:68: error: Call to untyped function "scan_system_version_state" in typed context  [no-untyped-call]
backend/upgrade_harden_pipeline.py:70: error: Call to untyped function "load_revenue_profit_upgrade_engine" in typed context  [no-untyped-call]
backend/upgrade_harden_pipeline.py:72: error: Call to untyped function "load_security_engine" in typed context  [no-untyped-call]
backend/upgrade_harden_pipeline.py:74: error: Call to untyped function "load_auto_upgrade_manager" in typed context  [no-untyped-call]
backend/upgrade_harden_pipeline.py:76: error: Call to untyped function "refresh_ai_safety_envelope" in typed context  [no-untyped-call]
backend/upgrade_harden_pipeline.py:78: error: Call to untyped function "refresh_immutable_infrastructure" in typed context  [no-untyped-call]
backend/upgrade_harden_pipeline.py:80: error: Call to untyped function "revalidate_file_integrity_and_anomaly" in typed context  [no-untyped-call]
backend/upgrade_harden_pipeline.py:83: error: Call to untyped function "sync_phase_control_panel" in typed context  [no-untyped-call]
backend/upgrade_harden_pipeline.py:85: error: Call to untyped function "output_changelog" in typed context  [no-untyped-call]
backend/upgrade_harden_pipeline.py:86: error: Call to untyped function "output_readiness_summary" in typed context  [no-untyped-call]
backend/upgrade_harden_pipeline.py:89: error: Call to untyped function "get_empire_phase_status" in typed context  [no-untyped-call]
autonomy/vault/email_alerts.py:24: error: Function is missing a type annotation  [no-untyped-def]
autonomy/vault/email_alerts.py:30: error: Call to untyped function "analyze_review" in typed context  [no-untyped-call]
autonomy/vault/email_alerts.py:53: error: Argument 1 to "formataddr" has incompatible type "tuple[str, str | None]"; expected "tuple[str | None, str]"  [arg-type]
autonomy/vault/email_alerts.py:56: error: Argument 1 to "SMTP" has incompatible type "str | None"; expected "str"  [arg-type]
autonomy/vault/email_alerts.py:58: error: Argument 1 to "login" of "SMTP" has incompatible type "str | None"; expected "str"  [arg-type]
autonomy/vault/email_alerts.py:58: error: Argument 2 to "login" of "SMTP" has incompatible type "str | None"; expected "str"  [arg-type]
audit/vault_audit_tracker.py:9: error: Need type annotation for "_log" (hint: "_log: List[<type>] = ...")  [var-annotated]
audit/vault_audit_tracker.py:10: error: Need type annotation for "_snapshots" (hint: "_snapshots: List[<type>] = ...")  [var-annotated]
audit/vault_audit_tracker.py:13: error: Function is missing a type annotation  [no-untyped-def]
audit/vault_audit_tracker.py:28: error: Function is missing a type annotation  [no-untyped-def]
audit/vault_audit_tracker.py:37: error: Call to untyped function "record" of "VaultAuditTracker" in typed context  [no-untyped-call]
audit/vault_audit_tracker.py:43: error: Function is missing a return type annotation  [no-untyped-def]
audit/vault_audit_tracker.py:47: error: Function is missing a return type annotation  [no-untyped-def]
analytics/typo_grammar_analytics.py:22: error: Function is missing a type annotation  [no-untyped-def]
analytics/typo_grammar_analytics.py:36: error: Argument 1 to "detect_signals" has incompatible type "dict[str, Any]"; expected "list[SaleRecord]"  [arg-type]
analytics/typo_grammar_analytics.py:51: error: Argument 1 to "detect_signals" has incompatible type "dict[str, Any]"; expected "list[SaleRecord]"  [arg-type]
analytics/typo_grammar_analytics.py:55: error: Missing type parameters for generic type "dict"  [type-arg]
analytics/tone_voice_analytics.py:14: error: Function is missing a type annotation  [no-untyped-def]
analytics/tone_voice_analytics.py:28: error: Argument 1 to "detect_signals" has incompatible type "dict[str, Any]"; expected "list[SaleRecord]"  [arg-type]
analytics/tone_voice_analytics.py:43: error: Argument 1 to "detect_signals" has incompatible type "dict[str, Any]"; expected "list[SaleRecord]"  [arg-type]
analytics/tone_voice_analytics.py:47: error: Function is missing a type annotation  [no-untyped-def]
analytics/refund_risk_analytics.py:14: error: Function is missing a type annotation  [no-untyped-def]
analytics/refund_risk_analytics.py:28: error: Argument 1 to "detect_signals" has incompatible type "dict[str, Any]"; expected "list[SaleRecord]"  [arg-type]
analytics/refund_risk_analytics.py:43: error: Argument 1 to "detect_signals" has incompatible type "dict[str, Any]"; expected "list[SaleRecord]"  [arg-type]
analytics/refund_risk_analytics.py:47: error: Function is missing a type annotation  [no-untyped-def]
analytics/high_ticket_vault_leaderboard.py:9: error: Function is missing a type annotation  [no-untyped-def]
analytics/elite_funnel_analytics.py:14: error: Function is missing a type annotation  [no-untyped-def]
analytics/elite_funnel_analytics.py:29: error: Argument 1 to "detect_signals" has incompatible type "dict[str, Any]"; expected "list[SaleRecord]"  [arg-type]
analytics/elite_funnel_analytics.py:32: error: Function is missing a type annotation  [no-untyped-def]
analytics/asset_health_analytics.py:8: error: Function is missing a type annotation  [no-untyped-def]
analytics/asset_health_analytics.py:11: error: Name "parse_threat_feed" is not defined  [name-defined]
analytics/asset_health_analytics.py:13: error: Name "anchor_license_hash" is not defined  [name-defined]
analytics/asset_health_analytics.py:15: error: Name "zero_knowledge_export" is not defined  [name-defined]
analytics/asset_health_analytics.py:17: error: Name "schedule_backup" is not defined  [name-defined]
analytics/asset_health_analytics.py:19: error: Name "export_compliance_manifest" is not defined  [name-defined]
analytics/asset_health_analytics.py:23: error: Name "detect_signals" is not defined  [name-defined]
analytics/asset_health_analytics.py:25: error: Call to untyped function "check_asset_health" in typed context  [no-untyped-call]
analytics/asset_health_analytics.py:28: error: Function is missing a type annotation  [no-untyped-def]
analytics/ai_quality.py:36: error: Function is missing a return type annotation  [no-untyped-def]
analytics/ai_quality.py:36: note: Use "-> None" if function does not return a value
analytics/ai_quality.py:68: error: Need type annotation for "audit_log" (hint: "audit_log: List[<type>] = ...")  [var-annotated]
analytics/ai_quality.py:69: error: Need type annotation for "static_feedback" (hint: "static_feedback: List[<type>] = ...")  [var-annotated]
analytics/ai_quality.py:85: error: Call to untyped function "_log_action" in typed context  [no-untyped-call]
analytics/ai_quality.py:113: error: Call to untyped function "_log_action" in typed context  [no-untyped-call]
analytics/ai_quality.py:132: error: Need type annotation for "suggestions" (hint: "suggestions: List[<type>] = ...")  [var-annotated]
analytics/ai_quality.py:140: error: Call to untyped function "_log_action" in typed context  [no-untyped-call]
analytics/ai_quality.py:163: error: Call to untyped function "_log_action" in typed context  [no-untyped-call]
analytics/ai_quality.py:177: error: Call to untyped function "_log_action" in typed context  [no-untyped-call]
analytics/ai_quality.py:185: error: Call to untyped function "_log_action" in typed context  [no-untyped-call]
analytics/ai_quality.py:193: error: Call to untyped function "_log_action" in typed context  [no-untyped-call]
analytics/ai_quality.py:203: error: Call to untyped function "_log_action" in typed context  [no-untyped-call]
analytics/ai_quality.py:210: error: Call to untyped function "_log_action" in typed context  [no-untyped-call]
analytics/ai_quality.py:227: error: Function is missing a return type annotation  [no-untyped-def]
analytics/ai_quality.py:244: error: Call to untyped function "_log_action" in typed context  [no-untyped-call]
analytics/ai_quality.py:252: error: Function is missing a type annotation  [no-untyped-def]
aifolio_empire/profit_engines/automated_vault_enhancements.py:24: error: Missing type parameters for generic type "dict"  [type-arg]
aifolio_empire/profit_engines/automated_vault_enhancements.py:67: error: Missing type parameters for generic type "dict"  [type-arg]
aifolio_empire/profit_engines/automated_vault_enhancements.py:97: error: Missing type parameters for generic type "list"  [type-arg]
aifolio_empire/profit_engines/automated_vault_enhancements.py:143: error: Missing type parameters for generic type "dict"  [type-arg]
aifolio_empire/profit_engines/automated_vault_enhancements.py:153: error: Missing type parameters for generic type "dict"  [type-arg]
aifolio_empire/profit_engines/automated_vault_enhancements.py:164: error: Missing type parameters for generic type "dict"  [type-arg]
autonomy/pipeline/ai_quality_gatekeeper.py:15: error: Function is missing a type annotation  [no-untyped-def]
autonomy/pipeline/ai_quality_gatekeeper.py:62: error: Call to untyped function "score_output" in typed context  [no-untyped-call]
autonomy/pipeline/ai_output_normalizer.py:34: error: Function is missing a type annotation  [no-untyped-def]
autonomy/pipeline/ai_output_normalizer.py:88: error: Call to untyped function "normalize_output" in typed context  [no-untyped-call]
ai_engines/prompt_optimizer.py:59: error: Function is missing a type annotation  [no-untyped-def]
ai_engines/prompt_optimizer.py:74: error: Function is missing a type annotation  [no-untyped-def]
autonomy/ai_static_engines/nova_code_refactor_maintenance_overseer.py:19: error: Missing type parameters for generic type "dict"  [type-arg]
autonomy/ai_static_engines/nova_code_refactor_maintenance_overseer.py:19: error: Missing type parameters for generic type "Dict"  [type-arg]
autonomy/ai_static_engines/nova_code_refactor_maintenance_overseer.py:22: error: Call to untyped function "ethics_validator" in typed context  [no-untyped-call]
autonomy/ai_static_engines/nova_code_refactor_maintenance_overseer.py:24: error: Call to untyped function "audit_action" of "EMMAEthicsGuard" in typed context  [no-untyped-call]
autonomy/ai_static_engines/nova_code_refactor_maintenance_overseer.py:36: error: Missing type parameters for generic type "Dict"  [type-arg]
autonomy/ai_static_engines/nova_code_refactor_maintenance_overseer.py:49: error: Missing type parameters for generic type "Dict"  [type-arg]
autonomy/ai_static_engines/nova_code_refactor_maintenance_overseer.py:62: error: Missing type parameters for generic type "Dict"  [type-arg]
autonomy/ai_static_engines/nova_code_refactor_maintenance_overseer.py:75: error: Missing type parameters for generic type "Dict"  [type-arg]
autonomy/ai_static_engines/nova_code_refactor_maintenance_overseer.py:79: error: Missing type parameters for generic type "Dict"  [type-arg]
autonomy/ai_static_engines/zoe_neural_growth_behavioral_trend_strategist.py:19: error: Missing type parameters for generic type "dict"  [type-arg]
autonomy/ai_static_engines/zoe_neural_growth_behavioral_trend_strategist.py:21: error: Call to untyped function "ethics_validator" in typed context  [no-untyped-call]
autonomy/ai_static_engines/zoe_neural_growth_behavioral_trend_strategist.py:23: error: Call to untyped function "audit_action" of "EMMAEthicsGuard" in typed context  [no-untyped-call]
autonomy/ai_static_engines/zoe_neural_growth_behavioral_trend_strategist.py:36: error: Missing type parameters for generic type "Dict"  [type-arg]
autonomy/ai_static_engines/zoe_neural_growth_behavioral_trend_strategist.py:49: error: Missing type parameters for generic type "Dict"  [type-arg]
autonomy/ai_static_engines/zoe_neural_growth_behavioral_trend_strategist.py:62: error: Missing type parameters for generic type "Dict"  [type-arg]
autonomy/ai_static_engines/zoe_neural_growth_behavioral_trend_strategist.py:66: error: Missing type parameters for generic type "Dict"  [type-arg]
autonomy/ai_static_engines/ethan_devops_infra_supreme_commander.py:19: error: Missing type parameters for generic type "Dict"  [type-arg]
autonomy/ai_static_engines/ethan_devops_infra_supreme_commander.py:28: error: Name "context" is not defined  [name-defined]
autonomy/ai_static_engines/ethan_devops_infra_supreme_commander.py:29: error: Call to untyped function "ethics_validator" in typed context  [no-untyped-call]
autonomy/ai_static_engines/ethan_devops_infra_supreme_commander.py:29: error: Name "context" is not defined  [name-defined]
autonomy/ai_static_engines/ethan_devops_infra_supreme_commander.py:31: error: Call to untyped function "audit_action" of "EMMAEthicsGuard" in typed context  [no-untyped-call]
autonomy/ai_static_engines/ethan_devops_infra_supreme_commander.py:31: error: Name "context" is not defined  [name-defined]
autonomy/ai_static_engines/ethan_devops_infra_supreme_commander.py:32: error: Name "context" is not defined  [name-defined]
autonomy/ai_static_engines/ethan_devops_infra_supreme_commander.py:33: error: Returning Any from function declared to return "dict[Any, Any]"  [no-any-return]
autonomy/ai_static_engines/ethan_devops_infra_supreme_commander.py:33: error: Name "context" is not defined  [name-defined]
autonomy/ai_static_engines/ethan_devops_infra_supreme_commander.py:36: error: Missing type parameters for generic type "Dict"  [type-arg]
autonomy/ai_static_engines/ethan_devops_infra_supreme_commander.py:45: error: Call to untyped function "ethics_validator" in typed context  [no-untyped-call]
autonomy/ai_static_engines/ethan_devops_infra_supreme_commander.py:47: error: Call to untyped function "audit_action" of "EMMAEthicsGuard" in typed context  [no-untyped-call]
autonomy/ai_static_engines/ethan_devops_infra_supreme_commander.py:52: error: Missing type parameters for generic type "Dict"  [type-arg]
autonomy/ai_static_engines/ethan_devops_infra_supreme_commander.py:65: error: Missing type parameters for generic type "Dict"  [type-arg]
autonomy/ai_static_engines/ethan_devops_infra_supreme_commander.py:78: error: Missing type parameters for generic type "Dict"  [type-arg]
autonomy/ai_static_engines/ava_performance_analytics_risk_strategist.py:19: error: Missing type parameters for generic type "Dict"  [type-arg]
autonomy/ai_static_engines/ava_performance_analytics_risk_strategist.py:36: error: Call to untyped function "ethics_validator" in typed context  [no-untyped-call]
autonomy/ai_static_engines/ava_performance_analytics_risk_strategist.py:51: error: Call to untyped function "audit_action" of "EMMAEthicsGuard" in typed context  [no-untyped-call]
autonomy/ai_static_engines/ava_performance_analytics_risk_strategist.py:63: error: Missing type parameters for generic type "Dict"  [type-arg]
autonomy/ai_static_engines/ava_performance_analytics_risk_strategist.py:76: error: Missing type parameters for generic type "Dict"  [type-arg]
autonomy/ai_static_engines/ava_performance_analytics_risk_strategist.py:89: error: Missing type parameters for generic type "Dict"  [type-arg]
autonomy/ai_static_engines/ava_performance_analytics_risk_strategist.py:93: error: Missing type parameters for generic type "Dict"  [type-arg]
autonomy/ai_static_engines/ray_embedded_ai_agent_mastermind.py:19: error: Missing type parameters for generic type "dict"  [type-arg]
autonomy/ai_static_engines/ray_embedded_ai_agent_mastermind.py:21: error: Call to untyped function "ethics_validator" in typed context  [no-untyped-call]
autonomy/ai_static_engines/ray_embedded_ai_agent_mastermind.py:23: error: Call to untyped function "audit_action" of "EMMAEthicsGuard" in typed context  [no-untyped-call]
autonomy/ai_static_engines/ray_embedded_ai_agent_mastermind.py:35: error: Incompatible return value type (got "dict[str, Any]", expected "bool")  [return-value]
autonomy/ai_static_engines/ray_embedded_ai_agent_mastermind.py:38: error: Missing type parameters for generic type "Dict"  [type-arg]
autonomy/ai_static_engines/ray_embedded_ai_agent_mastermind.py:51: error: Missing type parameters for generic type "Dict"  [type-arg]
autonomy/ai_static_engines/ray_embedded_ai_agent_mastermind.py:63: error: Missing type parameters for generic type "Dict"  [type-arg]
autonomy/ai_static_engines/ray_embedded_ai_agent_mastermind.py:67: error: Missing type parameters for generic type "Dict"  [type-arg]
autonomy/ai_static_engines/brooklyn_ux_visual_dominion_engineer.py:19: error: Missing type parameters for generic type "Dict"  [type-arg]
autonomy/ai_static_engines/brooklyn_ux_visual_dominion_engineer.py:29: error: Call to untyped function "ethics_validator" in typed context  [no-untyped-call]
autonomy/ai_static_engines/brooklyn_ux_visual_dominion_engineer.py:37: error: Call to untyped function "audit_action" of "EMMAEthicsGuard" in typed context  [no-untyped-call]
autonomy/ai_static_engines/brooklyn_ux_visual_dominion_engineer.py:45: error: Argument 1 to "append" of "list" has incompatible type "dict[str, object]"; expected "dict[str, str]"  [arg-type]
autonomy/ai_static_engines/brooklyn_ux_visual_dominion_engineer.py:49: error: Missing type parameters for generic type "Dict"  [type-arg]
autonomy/ai_static_engines/brooklyn_ux_visual_dominion_engineer.py:57: error: Argument 1 to "append" of "list" has incompatible type "dict[str, object]"; expected "dict[str, str]"  [arg-type]
autonomy/ai_static_engines/brooklyn_ux_visual_dominion_engineer.py:61: error: Missing type parameters for generic type "Dict"  [type-arg]
autonomy/ai_static_engines/brooklyn_ux_visual_dominion_engineer.py:69: error: Argument 1 to "append" of "list" has incompatible type "dict[str, object]"; expected "dict[str, str]"  [arg-type]
autonomy/ai_static_engines/brooklyn_ux_visual_dominion_engineer.py:73: error: Missing type parameters for generic type "Dict"  [type-arg]
autonomy/ai_static_engines/brooklyn_ux_visual_dominion_engineer.py:77: error: Missing type parameters for generic type "Dict"  [type-arg]
autonomy/ai_static_engines/kennedy_ai_logic_mesh_architect.py:19: error: Missing type parameters for generic type "dict"  [type-arg]
autonomy/ai_static_engines/kennedy_ai_logic_mesh_architect.py:19: error: Missing type parameters for generic type "Dict"  [type-arg]
autonomy/ai_static_engines/kennedy_ai_logic_mesh_architect.py:34: error: Call to untyped function "ethics_validator" in typed context  [no-untyped-call]
autonomy/ai_static_engines/kennedy_ai_logic_mesh_architect.py:48: error: Call to untyped function "audit_action" of "EMMAEthicsGuard" in typed context  [no-untyped-call]
autonomy/ai_static_engines/kennedy_ai_logic_mesh_architect.py:56: error: Argument 1 to "append" of "list" has incompatible type "dict[str, str | bool | Any | None]"; expected "dict[str, str]"  [arg-type]
autonomy/ai_static_engines/kennedy_ai_logic_mesh_architect.py:60: error: Missing type parameters for generic type "Dict"  [type-arg]
autonomy/ai_static_engines/kennedy_ai_logic_mesh_architect.py:69: error: Argument 1 to "append" of "list" has incompatible type "dict[str, object]"; expected "dict[str, str]"  [arg-type]
autonomy/ai_static_engines/kennedy_ai_logic_mesh_architect.py:73: error: Missing type parameters for generic type "Dict"  [type-arg]
autonomy/ai_static_engines/kennedy_ai_logic_mesh_architect.py:81: error: Argument 1 to "append" of "list" has incompatible type "dict[str, object]"; expected "dict[str, str]"  [arg-type]
autonomy/ai_static_engines/kennedy_ai_logic_mesh_architect.py:85: error: Missing type parameters for generic type "Dict"  [type-arg]
autonomy/ai_static_engines/kennedy_ai_logic_mesh_architect.py:89: error: Missing type parameters for generic type "Dict"  [type-arg]
autonomy/ai_static_engines/brett_omni_security_commander.py:20: error: Missing type parameters for generic type "Dict"  [type-arg]
autonomy/ai_static_engines/brett_omni_security_commander.py:33: error: Missing type parameters for generic type "dict"  [type-arg]
autonomy/ai_static_engines/brett_omni_security_commander.py:35: error: Call to untyped function "ethics_validator" in typed context  [no-untyped-call]
autonomy/ai_static_engines/brett_omni_security_commander.py:44: error: Call to untyped function "audit_action" of "EMMAEthicsGuard" in typed context  [no-untyped-call]
autonomy/ai_static_engines/brett_omni_security_commander.py:49: error: Missing type parameters for generic type "Dict"  [type-arg]
autonomy/ai_static_engines/brett_omni_security_commander.py:53: error: Missing type parameters for generic type "Dict"  [type-arg]
autonomy/post_sale_hooks/store_backup_to_archive.py:7: error: Function is missing a type annotation  [no-untyped-def]
aifolio_empire/dynamic_bundle_builder.py:16: error: Function is missing a return type annotation  [no-untyped-def]
aifolio_empire/dynamic_bundle_builder.py:16: note: Use "-> None" if function does not return a value
aifolio_empire/dynamic_bundle_builder.py:51: error: Unsupported operand types for < ("int" and "object")  [operator]
aifolio_empire/dynamic_bundle_builder.py:55: error: Argument 1 has incompatible type "object"; expected "int"  [arg-type]
aifolio_empire/dynamic_bundle_builder.py:55: error: Argument 2 has incompatible type "object"; expected "int"  [arg-type]
aifolio_empire/dynamic_bundle_builder.py:60: error: Unsupported operand types for - ("int" and "object")  [operator]
aifolio_empire/dynamic_bundle_builder.py:76: error: Missing return statement  [return]
aifolio_empire/dynamic_bundle_builder.py:105: error: Missing return statement  [return]
aifolio_empire/dynamic_bundle_builder.py:152: error: Call to untyped function "DynamicBundleBuilder" in typed context  [no-untyped-call]
profitwarp/pdf_quantum_generator.py:11: error: Function is missing a return type annotation  [no-untyped-def]
profitwarp/pdf_quantum_generator.py:11: note: Use "-> None" if function does not return a value
profitwarp/fractal_vault_engine.py:13: error: Function is missing a return type annotation  [no-untyped-def]
profitwarp/fractal_vault_engine.py:13: note: Use "-> None" if function does not return a value
hooks/dispatcher/hook_resilience.py:15: error: Function is missing a type annotation  [no-untyped-def]
hooks/dispatcher/hook_resilience.py:41: error: Call to untyped function "log_error" in typed context  [no-untyped-call]
hooks/dispatcher/hook_resilience.py:58: error: Function is missing a type annotation  [no-untyped-def]
hooks/dispatcher/hook_resilience.py:60: error: Call to untyped function "retry_hook" of "HookResilience" in typed context  [no-untyped-call]
hooks/dispatcher/hook_resilience.py:63: error: Function is missing a type annotation  [no-untyped-def]
hooks/dispatcher/hook_resilience.py:68: error: Function is missing a return type annotation  [no-untyped-def]
hooks/dispatcher/hook_resilience.py:77: error: Function is missing a type annotation  [no-untyped-def]
hooks/dispatcher/hook_resilience.py:82: error: Function is missing a return type annotation  [no-untyped-def]
hooks/dispatcher/hook_resilience.py:86: error: Function is missing a type annotation  [no-untyped-def]
financial/empire_engine.py:20: error: Function is missing a return type annotation  [no-untyped-def]
financial/empire_engine.py:45: error: Function is missing a return type annotation  [no-untyped-def]
financial/empire_engine.py:45: note: Use "-> None" if function does not return a value
financial/empire_engine.py:47: error: Call to untyped function "simulate_revenue" in typed context  [no-untyped-call]
financial/empire_engine.py:62: error: Call to untyped function "main" in typed context  [no-untyped-call]
financial/auto_transfer.py:43: error: Function is missing a return type annotation  [no-untyped-def]
financial/auto_transfer.py:43: note: Use "-> None" if function does not return a value
financial/auto_transfer.py:102: error: Type variable "financial.auto_transfer.T" is unbound  [valid-type]
financial/auto_transfer.py:102: note: (Hint: Use "Generic[T]" or "Protocol[T]" base class to bind "T" inside a class)
financial/auto_transfer.py:102: note: (Hint: Use "T" in function signature to bind "T" inside a function)
financial/auto_transfer.py:107: error: Incompatible types in assignment (expression has type "Decimal | Literal[0]", variable has type "Decimal")  [assignment]
financial/auto_transfer.py:353: error: Need type annotation for "active_rules"  [var-annotated]
autonomy/analytics/seasonal_sales_pattern_report.py:7: error: Function is missing a type annotation  [no-untyped-def]
ai_engines/ethics_qualityguard.py:79: error: Name "fixed" already defined on line 77  [no-redef]
ai_engines/ethics_qualityguard.py:80: error: Name "report" already defined on line 78  [no-redef]
ai_engines/ethics_qualityguard.py:84: error: Incompatible return value type (got "str", expected "tuple[str, list[str]]")  [return-value]
ai_engines/ethics_qualityguard.py:36: error: Unused "type: ignore" comment  [unused-ignore]
empress_emma.py:241: error: Argument 1 to "dict" has incompatible type "str"; expected "Iterable[tuple[str, Any]]"  [arg-type]
empress_emma.py:241: note: Following member(s) of "str" have conflicts:
empress_emma.py:241: note:     Expected:
empress_emma.py:241: note:         def __iter__(self) -> Iterator[tuple[str, Any]]
empress_emma.py:241: note:     Got:
empress_emma.py:241: note:         def __iter__(self) -> Iterator[str]
autonomy/integrations/neuro_core_bridge.py:16: error: Module has no attribute "generate_board_report"; maybe "governance_board_report"?  [attr-defined]
